This file contains any messages produced by compilers while
running configure, to aid debugging if configure makes a mistake.

It was created by configure, which was
generated by GNU Autoconf 2.64.  Invocation command line was

  $ ../newlib-2.1.0/configure --target=x86_64-goddard --prefix=/usr/local/cross

## --------- ##
## Platform. ##
## --------- ##

hostname = amol
uname -m = x86_64
uname -r = 3.11.0-19-generic
uname -s = Linux
uname -v = #33-Ubuntu SMP Tue Mar 11 18:48:34 UTC 2014

/usr/bin/uname -p = unknown
/bin/uname -X     = unknown

/bin/arch              = unknown
/usr/bin/arch -k       = unknown
/usr/convex/getsysinfo = unknown
/usr/bin/hostinfo      = unknown
/bin/machine           = unknown
/usr/bin/oslevel       = unknown
/bin/universe          = unknown

PATH: /usr/local/cross/bin
PATH: /usr/local/cross/bin
PATH: /usr/lib/lightdm/lightdm
PATH: /usr/local/sbin
PATH: /usr/local/bin
PATH: /usr/sbin
PATH: /usr/bin
PATH: /sbin
PATH: /bin
PATH: /usr/games
PATH: /usr/local/games
PATH: /home/ambhave/bin
PATH: /usr/local/java/jdk1.7.0_51/bin
PATH: /home/ambhave/.rvm/bin
PATH: /home/ambhave/.rvm/bin


## ----------- ##
## Core tests. ##
## ----------- ##

configure:2320: checking build system type
configure:2334: result: x86_64-unknown-linux-gnu
configure:2381: checking host system type
configure:2394: result: x86_64-unknown-linux-gnu
configure:2414: checking target system type
configure:2427: result: x86_64-pc-goddard
configure:2481: checking for a BSD-compatible install
configure:2549: result: /usr/bin/install -c
configure:2560: checking whether ln works
configure:2582: result: yes
configure:2586: checking whether ln -s works
configure:2590: result: yes
configure:2597: checking for a sed that does not truncate output
configure:2661: result: /bin/sed
configure:2670: checking for gawk
configure:2686: found /usr/bin/gawk
configure:2697: result: gawk
configure:3965: checking for gcc
configure:3981: found /usr/bin/gcc
configure:3992: result: gcc
configure:4221: checking for C compiler version
configure:4230: gcc --version >&5
gcc (Ubuntu/Linaro 4.8.1-10ubuntu9) 4.8.1
Copyright (C) 2013 Free Software Foundation, Inc.
This is free software; see the source for copying conditions.  There is NO
warranty; not even for MERCHANTABILITY or FITNESS FOR A PARTICULAR PURPOSE.

configure:4241: $? = 0
configure:4230: gcc -v >&5
Using built-in specs.
COLLECT_GCC=gcc
COLLECT_LTO_WRAPPER=/usr/lib/gcc/x86_64-linux-gnu/4.8/lto-wrapper
Target: x86_64-linux-gnu
Configured with: ../src/configure -v --with-pkgversion='Ubuntu/Linaro 4.8.1-10ubuntu9' --with-bugurl=file:///usr/share/doc/gcc-4.8/README.Bugs --enable-languages=c,c++,java,go,d,fortran,objc,obj-c++ --prefix=/usr --program-suffix=-4.8 --enable-shared --enable-linker-build-id --libexecdir=/usr/lib --without-included-gettext --enable-threads=posix --with-gxx-include-dir=/usr/include/c++/4.8 --libdir=/usr/lib --enable-nls --with-sysroot=/ --enable-clocale=gnu --enable-libstdcxx-debug --enable-libstdcxx-time=yes --enable-gnu-unique-object --enable-plugin --with-system-zlib --disable-browser-plugin --enable-java-awt=gtk --enable-gtk-cairo --with-java-home=/usr/lib/jvm/java-1.5.0-gcj-4.8-amd64/jre --enable-java-home --with-jvm-root-dir=/usr/lib/jvm/java-1.5.0-gcj-4.8-amd64 --with-jvm-jar-dir=/usr/lib/jvm-exports/java-1.5.0-gcj-4.8-amd64 --with-arch-directory=amd64 --with-ecj-jar=/usr/share/java/eclipse-ecj.jar --enable-objc-gc --enable-multiarch --disable-werror --with-arch-32=i686 --with-abi=m64 --with-multilib-list=m32,m64,mx32 --with-tune=generic --enable-checking=release --build=x86_64-linux-gnu --host=x86_64-linux-gnu --target=x86_64-linux-gnu
Thread model: posix
gcc version 4.8.1 (Ubuntu/Linaro 4.8.1-10ubuntu9) 
configure:4241: $? = 0
configure:4230: gcc -V >&5
gcc: error: unrecognized command line option '-V'
gcc: fatal error: no input files
compilation terminated.
configure:4241: $? = 4
configure:4230: gcc -qversion >&5
gcc: error: unrecognized command line option '-qversion'
gcc: fatal error: no input files
compilation terminated.
configure:4241: $? = 4
configure:4261: checking for C compiler default output file name
configure:4283: gcc    conftest.c  >&5
configure:4287: $? = 0
configure:4324: result: a.out
configure:4340: checking whether the C compiler works
configure:4349: ./a.out
configure:4353: $? = 0
configure:4368: result: yes
configure:4375: checking whether we are cross compiling
configure:4377: result: no
configure:4380: checking for suffix of executables
configure:4387: gcc -o conftest    conftest.c  >&5
configure:4391: $? = 0
configure:4413: result: 
configure:4419: checking for suffix of object files
configure:4441: gcc -c   conftest.c >&5
configure:4445: $? = 0
configure:4466: result: o
configure:4470: checking whether we are using the GNU C compiler
configure:4489: gcc -c   conftest.c >&5
configure:4489: $? = 0
configure:4498: result: yes
configure:4507: checking whether gcc accepts -g
configure:4527: gcc -c -g  conftest.c >&5
configure:4527: $? = 0
configure:4568: result: yes
configure:4585: checking for gcc option to accept ISO C89
configure:4649: gcc  -c -g -O2  conftest.c >&5
configure:4649: $? = 0
configure:4662: result: none needed
configure:4740: checking for g++
configure:4756: found /usr/bin/g++
configure:4767: result: g++
configure:4794: checking for C++ compiler version
configure:4803: g++ --version >&5
g++ (Ubuntu/Linaro 4.8.1-10ubuntu9) 4.8.1
Copyright (C) 2013 Free Software Foundation, Inc.
This is free software; see the source for copying conditions.  There is NO
warranty; not even for MERCHANTABILITY or FITNESS FOR A PARTICULAR PURPOSE.

configure:4814: $? = 0
configure:4803: g++ -v >&5
Using built-in specs.
COLLECT_GCC=g++
COLLECT_LTO_WRAPPER=/usr/lib/gcc/x86_64-linux-gnu/4.8/lto-wrapper
Target: x86_64-linux-gnu
Configured with: ../src/configure -v --with-pkgversion='Ubuntu/Linaro 4.8.1-10ubuntu9' --with-bugurl=file:///usr/share/doc/gcc-4.8/README.Bugs --enable-languages=c,c++,java,go,d,fortran,objc,obj-c++ --prefix=/usr --program-suffix=-4.8 --enable-shared --enable-linker-build-id --libexecdir=/usr/lib --without-included-gettext --enable-threads=posix --with-gxx-include-dir=/usr/include/c++/4.8 --libdir=/usr/lib --enable-nls --with-sysroot=/ --enable-clocale=gnu --enable-libstdcxx-debug --enable-libstdcxx-time=yes --enable-gnu-unique-object --enable-plugin --with-system-zlib --disable-browser-plugin --enable-java-awt=gtk --enable-gtk-cairo --with-java-home=/usr/lib/jvm/java-1.5.0-gcj-4.8-amd64/jre --enable-java-home --with-jvm-root-dir=/usr/lib/jvm/java-1.5.0-gcj-4.8-amd64 --with-jvm-jar-dir=/usr/lib/jvm-exports/java-1.5.0-gcj-4.8-amd64 --with-arch-directory=amd64 --with-ecj-jar=/usr/share/java/eclipse-ecj.jar --enable-objc-gc --enable-multiarch --disable-werror --with-arch-32=i686 --with-abi=m64 --with-multilib-list=m32,m64,mx32 --with-tune=generic --enable-checking=release --build=x86_64-linux-gnu --host=x86_64-linux-gnu --target=x86_64-linux-gnu
Thread model: posix
gcc version 4.8.1 (Ubuntu/Linaro 4.8.1-10ubuntu9) 
configure:4814: $? = 0
configure:4803: g++ -V >&5
g++: error: unrecognized command line option '-V'
g++: fatal error: no input files
compilation terminated.
configure:4814: $? = 4
configure:4803: g++ -qversion >&5
g++: error: unrecognized command line option '-qversion'
g++: fatal error: no input files
compilation terminated.
configure:4814: $? = 4
configure:4818: checking whether we are using the GNU C++ compiler
configure:4837: g++ -c   conftest.cpp >&5
configure:4837: $? = 0
configure:4846: result: yes
configure:4855: checking whether g++ accepts -g
configure:4875: g++ -c -g  conftest.cpp >&5
configure:4875: $? = 0
configure:4916: result: yes
configure:4965: checking whether g++ accepts -static-libstdc++ -static-libgcc
configure:4982: g++ -o conftest -g -O2   -static-libstdc++ -static-libgcc conftest.cpp  >&5
configure:4982: $? = 0
configure:4983: result: yes
configure:5047: checking for gnatbind
configure:5077: result: no
configure:5139: checking for gnatmake
configure:5169: result: no
configure:5188: checking whether compiler driver understands Ada
configure:5211: result: no
configure:5220: checking how to compare bootstrapped objects
configure:5245: result: cmp --ignore-initial=16 $$f1 $$f2
configure:5299: checking for objdir
configure:5314: result: .libs
configure:5886: checking for version 0.10 of ISL
configure:5905: gcc -o conftest -g -O2      conftest.c  -lisl >&5
configure:5905: $? = 0
configure:5905: ./conftest
configure:5905: $? = 1
configure: program exited with status 1
configure: failed program was:
| /* confdefs.h */
| #define PACKAGE_NAME ""
| #define PACKAGE_TARNAME ""
| #define PACKAGE_VERSION ""
| #define PACKAGE_STRING ""
| #define PACKAGE_BUGREPORT ""
| #define PACKAGE_URL ""
| #define LT_OBJDIR ".libs/"
| /* end confdefs.h.  */
| #include <isl/version.h>
|    #include <string.h>
| int
| main ()
| {
| if (strncmp (isl_version (), "isl-0.10", strlen ("isl-0.10")) != 0)
|      return 1;
| 
|   ;
|   return 0;
| }
configure:5914: result: no
configure:5934: checking for version 0.11 of ISL
configure:5953: gcc -o conftest -g -O2      conftest.c  -lisl >&5
configure:5953: $? = 0
configure:5953: ./conftest
configure:5953: $? = 0
configure:5962: result: yes
configure:6117: checking for version 0.17.0 of CLooG
configure:6134: gcc -c -g -O2 -DCLOOG_INT_GMP     conftest.c >&5
conftest.c: In function 'main':
conftest.c:15:5: error: unknown type name 'choke'
     choke me
     ^
configure:6134: $? = 1
configure: failed program was:
| /* confdefs.h */
| #define PACKAGE_NAME ""
| #define PACKAGE_TARNAME ""
| #define PACKAGE_VERSION ""
| #define PACKAGE_STRING ""
| #define PACKAGE_BUGREPORT ""
| #define PACKAGE_URL ""
| #define LT_OBJDIR ".libs/"
| /* end confdefs.h.  */
| #include "cloog/version.h"
| int
| main ()
| {
| #if CLOOG_VERSION_MAJOR != 0     || CLOOG_VERSION_MINOR != 17     || CLOOG_VERSION_REVISION < 0
|     choke me
|    #endif
|   ;
|   return 0;
| }
configure:6140: result: no
configure:6159: checking for version 0.18.0 of CLooG
configure:6176: gcc -c -g -O2 -DCLOOG_INT_GMP     conftest.c >&5
configure:6176: $? = 0
configure:6182: result: yes
configure:7173: checking for default BUILD_CONFIG
configure:7205: result: 
configure:7694: checking for bison
configure:7710: found /usr/bin/bison
configure:7721: result: bison -y
configure:7741: checking for bison
configure:7757: found /usr/bin/bison
configure:7768: result: bison
configure:7788: checking for gm4
configure:7818: result: no
configure:7788: checking for gnum4
configure:7818: result: no
configure:7788: checking for m4
configure:7804: found /usr/bin/m4
configure:7815: result: m4
configure:7835: checking for flex
configure:7865: result: no
configure:7835: checking for lex
configure:7865: result: no
configure:7883: checking for flex
configure:7913: result: no
configure:7930: checking for makeinfo
configure:7946: found /usr/bin/makeinfo
configure:7957: result: makeinfo
configure:7991: checking for expect
configure:8021: result: no
configure:8040: checking for runtest
configure:8070: result: no
configure:8185: checking for ar
configure:8201: found /usr/bin/ar
configure:8212: result: ar
configure:8326: checking for as
configure:8342: found /usr/bin/as
configure:8353: result: as
configure:8467: checking for dlltool
configure:8497: result: no
configure:8608: checking for ld
configure:8624: found /usr/bin/ld
configure:8635: result: ld
configure:8749: checking for lipo
configure:8779: result: no
configure:8890: checking for nm
configure:8906: found /usr/bin/nm
configure:8917: result: nm
configure:9031: checking for ranlib
configure:9047: found /usr/bin/ranlib
configure:9058: result: ranlib
configure:9167: checking for strip
configure:9183: found /usr/bin/strip
configure:9194: result: strip
configure:9303: checking for windres
configure:9333: result: no
configure:9444: checking for windmc
configure:9474: result: no
configure:9585: checking for objcopy
configure:9601: found /usr/bin/objcopy
configure:9612: result: objcopy
configure:9726: checking for objdump
configure:9742: found /usr/bin/objdump
configure:9753: result: objdump
configure:9867: checking for readelf
configure:9883: found /usr/bin/readelf
configure:9894: result: readelf
configure:10008: checking for x86_64-goddard-cc
configure:10038: result: no
configure:10008: checking for x86_64-goddard-gcc
configure:10024: found /usr/local/cross/bin/x86_64-goddard-gcc
configure:10035: result: x86_64-goddard-gcc
configure:10169: checking for x86_64-goddard-c++
configure:10185: found /usr/local/cross/bin/x86_64-goddard-c++
configure:10196: result: x86_64-goddard-c++
configure:10330: checking for x86_64-goddard-gcc
configure:10346: found /usr/local/cross/bin/x86_64-goddard-gcc
configure:10357: result: x86_64-goddard-gcc
configure:10486: checking for x86_64-goddard-gcj
configure:10516: result: no
configure:10647: checking for x86_64-goddard-gfortran
configure:10677: result: no
configure:10808: checking for x86_64-goddard-gccgo
configure:10838: result: no
configure:11049: checking for x86_64-goddard-ar
configure:11065: found /usr/local/cross/bin/x86_64-goddard-ar
configure:11076: result: x86_64-goddard-ar
configure:11279: checking for x86_64-goddard-as
configure:11295: found /usr/local/cross/bin/x86_64-goddard-as
configure:11306: result: x86_64-goddard-as
configure:11509: checking for x86_64-goddard-dlltool
configure:11539: result: no
configure:11739: checking for x86_64-goddard-ld
configure:11755: found /usr/local/cross/bin/x86_64-goddard-ld
configure:11766: result: x86_64-goddard-ld
configure:11969: checking for x86_64-goddard-lipo
configure:11999: result: no
configure:12199: checking for x86_64-goddard-nm
configure:12215: found /usr/local/cross/bin/x86_64-goddard-nm
configure:12226: result: x86_64-goddard-nm
configure:12429: checking for x86_64-goddard-objdump
configure:12445: found /usr/local/cross/bin/x86_64-goddard-objdump
configure:12456: result: x86_64-goddard-objdump
configure:12659: checking for x86_64-goddard-ranlib
configure:12675: found /usr/local/cross/bin/x86_64-goddard-ranlib
configure:12686: result: x86_64-goddard-ranlib
configure:12889: checking for x86_64-goddard-readelf
configure:12905: found /usr/local/cross/bin/x86_64-goddard-readelf
configure:12916: result: x86_64-goddard-readelf
configure:13119: checking for x86_64-goddard-strip
configure:13135: found /usr/local/cross/bin/x86_64-goddard-strip
configure:13146: result: x86_64-goddard-strip
configure:13349: checking for x86_64-goddard-windres
configure:13379: result: no
configure:13579: checking for x86_64-goddard-windmc
configure:13609: result: no
configure:13676: checking where to find the target ar
configure:13713: result: pre-installed
configure:13718: checking where to find the target as
configure:13755: result: pre-installed
configure:13760: checking where to find the target cc
configure:13797: result: pre-installed
configure:13802: checking where to find the target c++
configure:13842: result: pre-installed
configure:13847: checking where to find the target c++ for libstdc++
configure:13887: result: pre-installed
configure:13892: checking where to find the target dlltool
configure:13929: result: pre-installed
configure:13934: checking where to find the target gcc
configure:13971: result: pre-installed
configure:13976: checking where to find the target gcj
configure:14016: result: pre-installed
configure:14021: checking where to find the target gfortran
configure:14061: result: pre-installed
configure:14066: checking where to find the target gccgo
configure:14106: result: pre-installed
configure:14111: checking where to find the target ld
configure:14148: result: pre-installed
configure:14153: checking where to find the target lipo
configure:14179: result: pre-installed
configure:14184: checking where to find the target nm
configure:14221: result: pre-installed
configure:14226: checking where to find the target objdump
configure:14263: result: pre-installed
configure:14268: checking where to find the target ranlib
configure:14305: result: pre-installed
configure:14310: checking where to find the target readelf
configure:14347: result: pre-installed
configure:14352: checking where to find the target strip
configure:14389: result: pre-installed
configure:14394: checking where to find the target windres
configure:14431: result: pre-installed
configure:14436: checking where to find the target windmc
configure:14473: result: pre-installed
configure:14506: checking whether to enable maintainer-specific portions of Makefiles
configure:14515: result: no
configure:14736: creating ./config.status

## ---------------------- ##
## Running config.status. ##
## ---------------------- ##

This file was extended by config.status, which was
generated by GNU Autoconf 2.64.  Invocation command line was

  CONFIG_FILES    = 
  CONFIG_HEADERS  = 
  CONFIG_LINKS    = 
  CONFIG_COMMANDS = 
  $ ./config.status 

on amol

config.status:909: creating Makefile

## ---------------- ##
## Cache variables. ##
## ---------------- ##

ac_cv_build=x86_64-unknown-linux-gnu
ac_cv_c_compiler_gnu=yes
ac_cv_cxx_compiler_gnu=yes
ac_cv_env_AR_FOR_TARGET_set=
ac_cv_env_AR_FOR_TARGET_value=
ac_cv_env_AR_set=
ac_cv_env_AR_value=
ac_cv_env_AS_FOR_TARGET_set=
ac_cv_env_AS_FOR_TARGET_value=
ac_cv_env_AS_set=
ac_cv_env_AS_value=
ac_cv_env_CCC_set=
ac_cv_env_CCC_value=
ac_cv_env_CC_FOR_TARGET_set=
ac_cv_env_CC_FOR_TARGET_value=
ac_cv_env_CC_set=
ac_cv_env_CC_value=
ac_cv_env_CFLAGS_set=
ac_cv_env_CFLAGS_value=
ac_cv_env_CPPFLAGS_set=
ac_cv_env_CPPFLAGS_value=
ac_cv_env_CXXFLAGS_set=
ac_cv_env_CXXFLAGS_value=
ac_cv_env_CXX_FOR_TARGET_set=
ac_cv_env_CXX_FOR_TARGET_value=
ac_cv_env_CXX_set=
ac_cv_env_CXX_value=
ac_cv_env_DLLTOOL_FOR_TARGET_set=
ac_cv_env_DLLTOOL_FOR_TARGET_value=
ac_cv_env_DLLTOOL_set=
ac_cv_env_DLLTOOL_value=
ac_cv_env_GCC_FOR_TARGET_set=
ac_cv_env_GCC_FOR_TARGET_value=
ac_cv_env_GCJ_FOR_TARGET_set=
ac_cv_env_GCJ_FOR_TARGET_value=
ac_cv_env_GFORTRAN_FOR_TARGET_set=
ac_cv_env_GFORTRAN_FOR_TARGET_value=
ac_cv_env_GOC_FOR_TARGET_set=
ac_cv_env_GOC_FOR_TARGET_value=
ac_cv_env_LDFLAGS_set=
ac_cv_env_LDFLAGS_value=
ac_cv_env_LD_FOR_TARGET_set=
ac_cv_env_LD_FOR_TARGET_value=
ac_cv_env_LD_set=
ac_cv_env_LD_value=
ac_cv_env_LIBS_set=
ac_cv_env_LIBS_value=
ac_cv_env_LIPO_FOR_TARGET_set=
ac_cv_env_LIPO_FOR_TARGET_value=
ac_cv_env_LIPO_set=
ac_cv_env_LIPO_value=
ac_cv_env_NM_FOR_TARGET_set=
ac_cv_env_NM_FOR_TARGET_value=
ac_cv_env_NM_set=
ac_cv_env_NM_value=
ac_cv_env_OBJCOPY_set=
ac_cv_env_OBJCOPY_value=
ac_cv_env_OBJDUMP_FOR_TARGET_set=
ac_cv_env_OBJDUMP_FOR_TARGET_value=
ac_cv_env_OBJDUMP_set=
ac_cv_env_OBJDUMP_value=
ac_cv_env_RANLIB_FOR_TARGET_set=
ac_cv_env_RANLIB_FOR_TARGET_value=
ac_cv_env_RANLIB_set=
ac_cv_env_RANLIB_value=
ac_cv_env_READELF_FOR_TARGET_set=
ac_cv_env_READELF_FOR_TARGET_value=
ac_cv_env_READELF_set=
ac_cv_env_READELF_value=
ac_cv_env_STRIP_FOR_TARGET_set=
ac_cv_env_STRIP_FOR_TARGET_value=
ac_cv_env_STRIP_set=
ac_cv_env_STRIP_value=
ac_cv_env_WINDMC_FOR_TARGET_set=
ac_cv_env_WINDMC_FOR_TARGET_value=
ac_cv_env_WINDMC_set=
ac_cv_env_WINDMC_value=
ac_cv_env_WINDRES_FOR_TARGET_set=
ac_cv_env_WINDRES_FOR_TARGET_value=
ac_cv_env_WINDRES_set=
ac_cv_env_WINDRES_value=
ac_cv_env_build_alias_set=
ac_cv_env_build_alias_value=
ac_cv_env_build_configargs_set=
ac_cv_env_build_configargs_value=
ac_cv_env_host_alias_set=
ac_cv_env_host_alias_value=
ac_cv_env_host_configargs_set=
ac_cv_env_host_configargs_value=
ac_cv_env_target_alias_set=set
ac_cv_env_target_alias_value=x86_64-goddard
ac_cv_env_target_configargs_set=
ac_cv_env_target_configargs_value=
ac_cv_host=x86_64-unknown-linux-gnu
ac_cv_objext=o
ac_cv_path_SED=/bin/sed
ac_cv_path_install='/usr/bin/install -c'
ac_cv_prog_AR=ar
ac_cv_prog_AR_FOR_TARGET=x86_64-goddard-ar
ac_cv_prog_AS=as
ac_cv_prog_AS_FOR_TARGET=x86_64-goddard-as
ac_cv_prog_AWK=gawk
ac_cv_prog_BISON=bison
ac_cv_prog_CC_FOR_TARGET=x86_64-goddard-gcc
ac_cv_prog_CXX_FOR_TARGET=x86_64-goddard-c++
ac_cv_prog_GCC_FOR_TARGET=x86_64-goddard-gcc
ac_cv_prog_LD=ld
ac_cv_prog_LD_FOR_TARGET=x86_64-goddard-ld
ac_cv_prog_M4=m4
ac_cv_prog_MAKEINFO=makeinfo
ac_cv_prog_NM=nm
ac_cv_prog_NM_FOR_TARGET=x86_64-goddard-nm
ac_cv_prog_OBJCOPY=objcopy
ac_cv_prog_OBJDUMP=objdump
ac_cv_prog_OBJDUMP_FOR_TARGET=x86_64-goddard-objdump
ac_cv_prog_RANLIB=ranlib
ac_cv_prog_RANLIB_FOR_TARGET=x86_64-goddard-ranlib
ac_cv_prog_READELF=readelf
ac_cv_prog_READELF_FOR_TARGET=x86_64-goddard-readelf
ac_cv_prog_STRIP=strip
ac_cv_prog_STRIP_FOR_TARGET=x86_64-goddard-strip
ac_cv_prog_YACC='bison -y'
ac_cv_prog_ac_ct_CC=gcc
ac_cv_prog_ac_ct_CXX=g++
ac_cv_prog_cc_c89=
ac_cv_prog_cc_g=yes
ac_cv_prog_cxx_g=yes
ac_cv_target=x86_64-pc-goddard
acx_cv_cc_gcc_supports_ada=no
acx_cv_prog_LN=ln
gcc_cv_cloog=yes
gcc_cv_isl=yes
gcc_cv_prog_cmp_skip='cmp --ignore-initial=16 $$f1 $$f2'
gcc_cv_tool_dirs=
gcc_cv_tool_prefix=/usr/local/cross
lt_cv_objdir=.libs

## ----------------- ##
## Output variables. ##
## ----------------- ##

AR='ar'
AR_FOR_BUILD='$(AR)'
AR_FOR_TARGET='x86_64-goddard-ar'
AS='as'
AS_FOR_BUILD='$(AS)'
AS_FOR_TARGET='x86_64-goddard-as'
AWK='gawk'
BISON='bison'
BUILD_CONFIG=''
CC='gcc'
CC_FOR_BUILD='$(CC)'
CC_FOR_TARGET='x86_64-goddard-gcc'
CFLAGS='-g -O2'
CFLAGS_FOR_BUILD='-g -O2'
CFLAGS_FOR_TARGET='-g -O2'
COMPILER_AS_FOR_TARGET='$(AS_FOR_TARGET)'
COMPILER_LD_FOR_TARGET='$(LD_FOR_TARGET)'
COMPILER_NM_FOR_TARGET='$(NM_FOR_TARGET)'
CONFIGURE_GDB_TK=''
CPPFLAGS=''
CXX='g++'
CXXFLAGS='-g -O2'
CXXFLAGS_FOR_BUILD='-g -O2'
CXXFLAGS_FOR_TARGET='-g -O2'
CXX_FOR_BUILD='$(CXX)'
CXX_FOR_TARGET='x86_64-goddard-c++'
DEBUG_PREFIX_CFLAGS_FOR_TARGET=''
DEFS='-DPACKAGE_NAME=\"\" -DPACKAGE_TARNAME=\"\" -DPACKAGE_VERSION=\"\" -DPACKAGE_STRING=\"\" -DPACKAGE_BUGREPORT=\"\" -DPACKAGE_URL=\"\" -DLT_OBJDIR=\".libs/\"'
DLLTOOL='dlltool'
DLLTOOL_FOR_BUILD='$(DLLTOOL)'
DLLTOOL_FOR_TARGET='x86_64-goddard-dlltool'
ECHO_C=''
ECHO_N='-n'
ECHO_T=''
EXEEXT=''
EXPECT='expect'
EXTRA_CONFIGARGS_LIBJAVA='--disable-static'
FLAGS_FOR_TARGET=' -B$$r/$(TARGET_SUBDIR)/newlib/ -isystem $$r/$(TARGET_SUBDIR)/newlib/targ-include -isystem $$s/newlib/libc/include -B$$r/$(TARGET_SUBDIR)/libgloss/x86_64 -L$$r/$(TARGET_SUBDIR)/libgloss/libnosys -L$$s/libgloss/x86_64'
FLEX='/home/ambhave/Code/os-goddard/src/newlib-2.1.0/missing flex'
GCC_FOR_TARGET='x86_64-goddard-gcc'
GCC_SHLIB_SUBDIR=''
GCJ_FOR_BUILD='$(GCJ)'
GCJ_FOR_TARGET='x86_64-goddard-gcj'
GDB_TK=''
GFORTRAN_FOR_BUILD='$(GFORTRAN)'
GFORTRAN_FOR_TARGET='x86_64-goddard-gfortran'
GNATBIND='no'
GNATMAKE='no'
GOC_FOR_BUILD='$(GOC)'
GOC_FOR_TARGET='x86_64-goddard-gccgo'
INSTALL_DATA='${INSTALL} -m 644'
INSTALL_GDB_TK=''
INSTALL_PROGRAM='${INSTALL}'
INSTALL_SCRIPT='${INSTALL}'
LD='ld'
LDFLAGS=''
LDFLAGS_FOR_BUILD=''
LDFLAGS_FOR_TARGET=''
LD_FOR_BUILD='$(LD)'
LD_FOR_TARGET='x86_64-goddard-ld'
LEX='/home/ambhave/Code/os-goddard/src/newlib-2.1.0/missing flex'
LIBOBJS=''
LIBS=''
LIPO='lipo'
LIPO_FOR_TARGET='x86_64-goddard-lipo'
LN='ln'
LN_S='ln -s'
LTLIBOBJS=''
M4='m4'
MAINT='#'
MAINTAINER_MODE_FALSE=''
MAINTAINER_MODE_TRUE='#'
MAKEINFO='makeinfo'
NM='nm'
NM_FOR_BUILD='$(NM)'
NM_FOR_TARGET='x86_64-goddard-nm'
OBJCOPY='objcopy'
OBJDUMP='objdump'
OBJDUMP_FOR_TARGET='x86_64-goddard-objdump'
OBJEXT='o'
PACKAGE_BUGREPORT=''
PACKAGE_NAME=''
PACKAGE_STRING=''
PACKAGE_TARNAME=''
PACKAGE_URL=''
PACKAGE_VERSION=''
PATH_SEPARATOR=':'
RANLIB='ranlib'
RANLIB_FOR_BUILD='$(RANLIB)'
RANLIB_FOR_TARGET='x86_64-goddard-ranlib'
RAW_CXX_FOR_TARGET='x86_64-goddard-c++'
READELF='readelf'
READELF_FOR_TARGET='x86_64-goddard-readelf'
RPATH_ENVVAR='LD_LIBRARY_PATH'
RUNTEST='runtest'
SED='/bin/sed'
SHELL='/bin/bash'
STRIP='strip'
STRIP_FOR_TARGET='x86_64-goddard-strip'
SYSROOT_CFLAGS_FOR_TARGET=''
TOPLEVEL_CONFIGURE_ARGUMENTS='../newlib-2.1.0/configure --target=x86_64-goddard --prefix=/usr/local/cross'
WINDMC='windmc'
WINDMC_FOR_BUILD='$(WINDMC)'
WINDMC_FOR_TARGET='x86_64-goddard-windmc'
WINDRES='windres'
WINDRES_FOR_BUILD='$(WINDRES)'
WINDRES_FOR_TARGET='x86_64-goddard-windres'
YACC='bison -y'
ac_ct_CC='gcc'
ac_ct_CXX='g++'
bindir='${exec_prefix}/bin'
build='x86_64-unknown-linux-gnu'
build_alias=''
build_configargs=' --cache-file=../config.cache '\''--prefix=/usr/local/cross'\'' --program-transform-name='\''s&^&x86_64-goddard-&'\'' --disable-option-checking'
build_configdirs=''
build_cpu='x86_64'
build_libsubdir='build-x86_64-unknown-linux-gnu'
build_noncanonical='x86_64-unknown-linux-gnu'
build_os='linux-gnu'
build_subdir='build-x86_64-unknown-linux-gnu'
build_tooldir='${exec_prefix}/x86_64-goddard'
build_vendor='unknown'
clooginc='-DCLOOG_INT_GMP '
clooglibs=' -lcloog-isl  -lisl'
compare_exclusions='gcc/cc*-checksum$(objext) | gcc/ada/*tools/*'
configdirs=' etc'
datadir='${datarootdir}'
datarootdir='${prefix}/share'
do_compare='cmp --ignore-initial=16 $$f1 $$f2'
docdir='${datarootdir}/doc/${PACKAGE}'
dvidir='${docdir}'
exec_prefix='${prefix}'
extra_host_libiberty_configure_flags=''
extra_isl_gmp_configure_flags=''
extra_mpc_gmp_configure_flags=''
extra_mpc_mpfr_configure_flags=''
extra_mpfr_configure_flags=''
gmpinc=''
gmplibs='-lmpc -lmpfr -lgmp'
host='x86_64-unknown-linux-gnu'
host_alias=''
host_configargs=' --cache-file=./config.cache  --with-system-zlib --with-newlib '\''--prefix=/usr/local/cross'\'' --program-transform-name='\''s&^&x86_64-goddard-&'\'' --disable-option-checking'
host_cpu='x86_64'
host_noncanonical='x86_64-unknown-linux-gnu'
host_os='linux-gnu'
host_shared='no'
host_subdir='.'
host_vendor='unknown'
htmldir='${docdir}'
includedir='${prefix}/include'
infodir='${datarootdir}/info'
islinc=''
libdir='${exec_prefix}/lib'
libexecdir='${exec_prefix}/libexec'
localedir='${datarootdir}/locale'
localstatedir='${prefix}/var'
mandir='${datarootdir}/man'
oldincludedir='/usr/include'
pdfdir='${docdir}'
poststage1_ldflags='-static-libstdc++ -static-libgcc'
poststage1_libs=''
prefix='/usr/local/cross'
program_transform_name='s&^&x86_64-goddard-&'
psdir='${docdir}'
sbindir='${exec_prefix}/sbin'
sharedstatedir='${prefix}/com'
stage1_cflags='-g'
stage1_checking='--enable-checking=yes,types'
stage1_languages=',c,'
stage1_ldflags='-static-libstdc++ -static-libgcc'
stage1_libs=''
stage2_werror_flag=''
sysconfdir='${prefix}/etc'
target='x86_64-pc-goddard'
target_alias='x86_64-goddard'
target_configargs='--cache-file=./config.cache --with-newlib --enable-multilib --with-cross-host=x86_64-unknown-linux-gnu   '\''--prefix=/usr/local/cross'\'' --program-transform-name='\''s&^&x86_64-goddard-&'\'' --disable-option-checking'
target_configdirs=' libgloss newlib'
target_cpu='x86_64'
target_noncanonical='x86_64-goddard'
target_os='goddard'
target_subdir='x86_64-goddard'
target_vendor='pc'
tooldir='${exec_prefix}/x86_64-goddard'

## ------------------- ##
## File substitutions. ##
## ------------------- ##

alphaieee_frag='/dev/null'
host_makefile_frag='/dev/null'
ospace_frag='/dev/null'
serialization_dependencies='serdep.tmp'
target_makefile_frag='/dev/null'

## ----------- ##
## confdefs.h. ##
## ----------- ##

/* confdefs.h */
#define PACKAGE_NAME ""
#define PACKAGE_TARNAME ""
#define PACKAGE_VERSION ""
#define PACKAGE_STRING ""
#define PACKAGE_BUGREPORT ""
#define PACKAGE_URL ""
#define LT_OBJDIR ".libs/"

configure: exit 0
