This file contains any messages produced by compilers while
running configure, to aid debugging if configure makes a mistake.

It was created by newlib configure 2.1.0, which was
generated by GNU Autoconf 2.68.  Invocation command line was

  $ /home/ambhave/Code/os-goddard/src/newlib-2.1.0/newlib/configure --cache-file=./config.cache --with-newlib --enable-multilib --with-cross-host=x86_64-unknown-linux-gnu --prefix=/usr/local/cross --program-transform-name=s&^&x86_64-goddard-& --disable-option-checking --with-target-subdir=x86_64-goddard --build=x86_64-unknown-linux-gnu --host=x86_64-goddard --target=x86_64-goddard --srcdir=../../../newlib-2.1.0/newlib

## --------- ##
## Platform. ##
## --------- ##

hostname = amol
uname -m = x86_64
uname -r = 3.11.0-19-generic
uname -s = Linux
uname -v = #33-Ubuntu SMP Tue Mar 11 18:48:34 UTC 2014

/usr/bin/uname -p = unknown
/bin/uname -X     = unknown

/bin/arch              = unknown
/usr/bin/arch -k       = unknown
/usr/convex/getsysinfo = unknown
/usr/bin/hostinfo      = unknown
/bin/machine           = unknown
/usr/bin/oslevel       = unknown
/bin/universe          = unknown

PATH: /usr/local/cross/bin
PATH: /usr/local/cross/bin
PATH: /usr/lib/lightdm/lightdm
PATH: /usr/local/sbin
PATH: /usr/local/bin
PATH: /usr/sbin
PATH: /usr/bin
PATH: /sbin
PATH: /bin
PATH: /usr/games
PATH: /usr/local/games
PATH: /home/ambhave/bin
PATH: /usr/local/java/jdk1.7.0_51/bin
PATH: /home/ambhave/.rvm/bin
PATH: /home/ambhave/.rvm/bin


## ----------- ##
## Core tests. ##
## ----------- ##

configure:2126: creating cache ./config.cache
configure:2464: checking build system type
configure:2478: result: x86_64-unknown-linux-gnu
configure:2498: checking host system type
configure:2511: result: x86_64-pc-goddard
configure:2547: checking for a BSD-compatible install
configure:2615: result: /usr/bin/install -c
configure:2626: checking whether build environment is sane
configure:2676: result: yes
configure:2725: checking for x86_64-goddard-strip
configure:2752: result: x86_64-goddard-strip
configure:2817: checking for a thread-safe mkdir -p
configure:2856: result: /bin/mkdir -p
configure:2869: checking for gawk
configure:2896: result: gawk
configure:2907: checking whether make sets $(MAKE)
configure:2929: result: yes
configure:2959: checking for style of include used by make
configure:2987: result: GNU
configure:3197: checking for gcc
configure:3224: result: x86_64-goddard-gcc -B/home/ambhave/Code/os-goddard/src/build-newlib/x86_64-goddard/newlib/ -isystem /home/ambhave/Code/os-goddard/src/build-newlib/x86_64-goddard/newlib/targ-include -isystem /home/ambhave/Code/os-goddard/src/newlib-2.1.0/newlib/libc/include -B/home/ambhave/Code/os-goddard/src/build-newlib/x86_64-goddard/libgloss/x86_64 -L/home/ambhave/Code/os-goddard/src/build-newlib/x86_64-goddard/libgloss/libnosys -L/home/ambhave/Code/os-goddard/src/newlib-2.1.0/libgloss/x86_64   
configure:3235: checking dependency style of x86_64-goddard-gcc -B/home/ambhave/Code/os-goddard/src/build-newlib/x86_64-goddard/newlib/ -isystem /home/ambhave/Code/os-goddard/src/build-newlib/x86_64-goddard/newlib/targ-include -isystem /home/ambhave/Code/os-goddard/src/newlib-2.1.0/newlib/libc/include -B/home/ambhave/Code/os-goddard/src/build-newlib/x86_64-goddard/libgloss/x86_64 -L/home/ambhave/Code/os-goddard/src/build-newlib/x86_64-goddard/libgloss/libnosys -L/home/ambhave/Code/os-goddard/src/newlib-2.1.0/libgloss/x86_64   
configure:3346: result: gcc3
configure:3419: checking whether we are using GNU C
configure:3430: x86_64-goddard-gcc -B/home/ambhave/Code/os-goddard/src/build-newlib/x86_64-goddard/newlib/ -isystem /home/ambhave/Code/os-goddard/src/build-newlib/x86_64-goddard/newlib/targ-include -isystem /home/ambhave/Code/os-goddard/src/newlib-2.1.0/newlib/libc/include -B/home/ambhave/Code/os-goddard/src/build-newlib/x86_64-goddard/libgloss/x86_64 -L/home/ambhave/Code/os-goddard/src/build-newlib/x86_64-goddard/libgloss/libnosys -L/home/ambhave/Code/os-goddard/src/newlib-2.1.0/libgloss/x86_64    -E conftest.c
configure:3433: $? = 0
configure:3440: result: yes
configure:3449: checking whether x86_64-goddard-gcc -B/home/ambhave/Code/os-goddard/src/build-newlib/x86_64-goddard/newlib/ -isystem /home/ambhave/Code/os-goddard/src/build-newlib/x86_64-goddard/newlib/targ-include -isystem /home/ambhave/Code/os-goddard/src/newlib-2.1.0/newlib/libc/include -B/home/ambhave/Code/os-goddard/src/build-newlib/x86_64-goddard/libgloss/x86_64 -L/home/ambhave/Code/os-goddard/src/build-newlib/x86_64-goddard/libgloss/libnosys -L/home/ambhave/Code/os-goddard/src/newlib-2.1.0/libgloss/x86_64    accepts -g
configure:3469: x86_64-goddard-gcc -B/home/ambhave/Code/os-goddard/src/build-newlib/x86_64-goddard/newlib/ -isystem /home/ambhave/Code/os-goddard/src/build-newlib/x86_64-goddard/newlib/targ-include -isystem /home/ambhave/Code/os-goddard/src/newlib-2.1.0/newlib/libc/include -B/home/ambhave/Code/os-goddard/src/build-newlib/x86_64-goddard/libgloss/x86_64 -L/home/ambhave/Code/os-goddard/src/build-newlib/x86_64-goddard/libgloss/libnosys -L/home/ambhave/Code/os-goddard/src/newlib-2.1.0/libgloss/x86_64    -c -g  conftest.c >&5
configure:3469: $? = 0
configure: failed program was:
| /* confdefs.h */
| #define PACKAGE_NAME "newlib"
| #define PACKAGE_TARNAME "newlib"
| #define PACKAGE_VERSION "2.1.0"
| #define PACKAGE_STRING "newlib 2.1.0"
| #define PACKAGE_BUGREPORT ""
| #define PACKAGE_URL ""
| /* end confdefs.h.  */
| 
| int
| main ()
| {
| 
|   ;
|   return 0;
| }
configure:3484: x86_64-goddard-gcc -B/home/ambhave/Code/os-goddard/src/build-newlib/x86_64-goddard/newlib/ -isystem /home/ambhave/Code/os-goddard/src/build-newlib/x86_64-goddard/newlib/targ-include -isystem /home/ambhave/Code/os-goddard/src/newlib-2.1.0/newlib/libc/include -B/home/ambhave/Code/os-goddard/src/build-newlib/x86_64-goddard/libgloss/x86_64 -L/home/ambhave/Code/os-goddard/src/build-newlib/x86_64-goddard/libgloss/libnosys -L/home/ambhave/Code/os-goddard/src/newlib-2.1.0/libgloss/x86_64    -c   conftest.c >&5
configure:3484: $? = 0
configure: failed program was:
| /* confdefs.h */
| #define PACKAGE_NAME "newlib"
| #define PACKAGE_TARNAME "newlib"
| #define PACKAGE_VERSION "2.1.0"
| #define PACKAGE_STRING "newlib 2.1.0"
| #define PACKAGE_BUGREPORT ""
| #define PACKAGE_URL ""
| /* end confdefs.h.  */
| 
| int
| main ()
| {
| 
|   ;
|   return 0;
| }
configure:3500: x86_64-goddard-gcc -B/home/ambhave/Code/os-goddard/src/build-newlib/x86_64-goddard/newlib/ -isystem /home/ambhave/Code/os-goddard/src/build-newlib/x86_64-goddard/newlib/targ-include -isystem /home/ambhave/Code/os-goddard/src/newlib-2.1.0/newlib/libc/include -B/home/ambhave/Code/os-goddard/src/build-newlib/x86_64-goddard/libgloss/x86_64 -L/home/ambhave/Code/os-goddard/src/build-newlib/x86_64-goddard/libgloss/libnosys -L/home/ambhave/Code/os-goddard/src/newlib-2.1.0/libgloss/x86_64    -c -g  conftest.c >&5
configure:3500: $? = 0
configure: failed program was:
| /* confdefs.h */
| #define PACKAGE_NAME "newlib"
| #define PACKAGE_TARNAME "newlib"
| #define PACKAGE_VERSION "2.1.0"
| #define PACKAGE_STRING "newlib 2.1.0"
| #define PACKAGE_BUGREPORT ""
| #define PACKAGE_URL ""
| /* end confdefs.h.  */
| 
| int
| main ()
| {
| 
|   ;
|   return 0;
| }
configure:3510: result: no
configure:3543: checking for x86_64-goddard-as
configure:3570: result: x86_64-goddard-as
configure:3635: checking for x86_64-goddard-ar
configure:3662: result: x86_64-goddard-ar
configure:3727: checking for x86_64-goddard-ranlib
configure:3754: result: x86_64-goddard-ranlib
configure:3819: checking for x86_64-goddard-readelf
configure:3846: result: x86_64-goddard-readelf
configure:3915: checking whether to enable maintainer-specific portions of Makefiles
configure:3924: result: no
configure:4034: checking for a sed that does not truncate output
configure:4098: result: /bin/sed
configure:4120: checking how to print strings
configure:4147: result: printf
configure:4172: checking for gawk
configure:4199: result: gawk
configure:12470: checking for .preinit_array/.init_array/.fini_array support
configure:12483: x86_64-goddard-gcc -B/home/ambhave/Code/os-goddard/src/build-newlib/x86_64-goddard/newlib/ -isystem /home/ambhave/Code/os-goddard/src/build-newlib/x86_64-goddard/newlib/targ-include -isystem /home/ambhave/Code/os-goddard/src/newlib-2.1.0/newlib/libc/include -B/home/ambhave/Code/os-goddard/src/build-newlib/x86_64-goddard/libgloss/x86_64 -L/home/ambhave/Code/os-goddard/src/build-newlib/x86_64-goddard/libgloss/libnosys -L/home/ambhave/Code/os-goddard/src/newlib-2.1.0/libgloss/x86_64    -g -O2  -c -o conftest conftest.c
							1>&5
configure:12486: $? = 0
configure:12499: result: yes
configure:12510: checking if x86_64-goddard-gcc -B/home/ambhave/Code/os-goddard/src/build-newlib/x86_64-goddard/newlib/ -isystem /home/ambhave/Code/os-goddard/src/build-newlib/x86_64-goddard/newlib/targ-include -isystem /home/ambhave/Code/os-goddard/src/newlib-2.1.0/newlib/libc/include -B/home/ambhave/Code/os-goddard/src/build-newlib/x86_64-goddard/libgloss/x86_64 -L/home/ambhave/Code/os-goddard/src/build-newlib/x86_64-goddard/libgloss/libnosys -L/home/ambhave/Code/os-goddard/src/newlib-2.1.0/libgloss/x86_64    accepts -fno-tree-loop-distribute-patterns with __attribute__ ((__optimize__))
configure:12524: x86_64-goddard-gcc -B/home/ambhave/Code/os-goddard/src/build-newlib/x86_64-goddard/newlib/ -isystem /home/ambhave/Code/os-goddard/src/build-newlib/x86_64-goddard/newlib/targ-include -isystem /home/ambhave/Code/os-goddard/src/newlib-2.1.0/newlib/libc/include -B/home/ambhave/Code/os-goddard/src/build-newlib/x86_64-goddard/libgloss/x86_64 -L/home/ambhave/Code/os-goddard/src/build-newlib/x86_64-goddard/libgloss/libnosys -L/home/ambhave/Code/os-goddard/src/newlib-2.1.0/libgloss/x86_64    -g -O2  -c
			    -fno-tree-loop-distribute-patterns conftest.c
configure:12527: $? = 0
configure:12534: result: yes
configure:12542: checking whether long double type exists
configure:12562: x86_64-goddard-gcc -B/home/ambhave/Code/os-goddard/src/build-newlib/x86_64-goddard/newlib/ -isystem /home/ambhave/Code/os-goddard/src/build-newlib/x86_64-goddard/newlib/targ-include -isystem /home/ambhave/Code/os-goddard/src/newlib-2.1.0/newlib/libc/include -B/home/ambhave/Code/os-goddard/src/build-newlib/x86_64-goddard/libgloss/x86_64 -L/home/ambhave/Code/os-goddard/src/build-newlib/x86_64-goddard/libgloss/libnosys -L/home/ambhave/Code/os-goddard/src/newlib-2.1.0/libgloss/x86_64    -g -O2  -c -o conftest.o conftest.c
							1>&5
configure:12565: $? = 0
configure:12574: result: yes
configure:12591: checking whether long double equals double
configure:12607: x86_64-goddard-gcc -B/home/ambhave/Code/os-goddard/src/build-newlib/x86_64-goddard/newlib/ -isystem /home/ambhave/Code/os-goddard/src/build-newlib/x86_64-goddard/newlib/targ-include -isystem /home/ambhave/Code/os-goddard/src/newlib-2.1.0/newlib/libc/include -B/home/ambhave/Code/os-goddard/src/build-newlib/x86_64-goddard/libgloss/x86_64 -L/home/ambhave/Code/os-goddard/src/build-newlib/x86_64-goddard/libgloss/libnosys -L/home/ambhave/Code/os-goddard/src/newlib-2.1.0/libgloss/x86_64    -g -O2  -c -o conftest.o conftest.c
							1>&5
conftest.c:5:4: error: #error "LDBL != DBL"
   #error "LDBL != DBL"
    ^
configure:12610: $? = 1
configure:12619: result: no
configure:12697: updating cache ./config.cache
configure:12810: creating ./config.status

## ---------------------- ##
## Running config.status. ##
## ---------------------- ##

This file was extended by newlib config.status 2.1.0, which was
generated by GNU Autoconf 2.68.  Invocation command line was

  CONFIG_FILES    = 
  CONFIG_HEADERS  = 
  CONFIG_LINKS    = 
  CONFIG_COMMANDS = 
  $ ./config.status 

on amol

config.status:1144: creating Makefile
config.status:1144: creating newlib.h
config.status:1358: executing depfiles commands
configure:15129: === configuring in libc (/home/ambhave/Code/os-goddard/src/build-newlib/x86_64-goddard/newlib/libc)
configure:15192: running /bin/bash ../../../../newlib-2.1.0/newlib/libc/configure --disable-option-checking '--prefix=/usr/local/cross'  '--with-newlib' '--enable-multilib' '--with-cross-host=x86_64-unknown-linux-gnu' '--program-transform-name=s&^&x86_64-goddard-&' '--with-target-subdir=x86_64-goddard' '--build=x86_64-unknown-linux-gnu' '--host=x86_64-goddard' '--target=x86_64-goddard' 'build_alias=x86_64-unknown-linux-gnu' 'host_alias=x86_64-goddard' 'target_alias=x86_64-goddard' 'CC=x86_64-goddard-gcc -B/home/ambhave/Code/os-goddard/src/build-newlib/x86_64-goddard/newlib/ -isystem /home/ambhave/Code/os-goddard/src/build-newlib/x86_64-goddard/newlib/targ-include -isystem /home/ambhave/Code/os-goddard/src/newlib-2.1.0/newlib/libc/include -B/home/ambhave/Code/os-goddard/src/build-newlib/x86_64-goddard/libgloss/x86_64 -L/home/ambhave/Code/os-goddard/src/build-newlib/x86_64-goddard/libgloss/libnosys -L/home/ambhave/Code/os-goddard/src/newlib-2.1.0/libgloss/x86_64   ' 'CFLAGS=-g -O2' 'LDFLAGS=' 'CPPFLAGS=' --cache-file=.././config.cache --srcdir=../../../../newlib-2.1.0/newlib/libc
configure:15129: === configuring in libm (/home/ambhave/Code/os-goddard/src/build-newlib/x86_64-goddard/newlib/libm)
configure:15192: running /bin/bash ../../../../newlib-2.1.0/newlib/libm/configure --disable-option-checking '--prefix=/usr/local/cross'  '--with-newlib' '--enable-multilib' '--with-cross-host=x86_64-unknown-linux-gnu' '--program-transform-name=s&^&x86_64-goddard-&' '--with-target-subdir=x86_64-goddard' '--build=x86_64-unknown-linux-gnu' '--host=x86_64-goddard' '--target=x86_64-goddard' 'build_alias=x86_64-unknown-linux-gnu' 'host_alias=x86_64-goddard' 'target_alias=x86_64-goddard' 'CC=x86_64-goddard-gcc -B/home/ambhave/Code/os-goddard/src/build-newlib/x86_64-goddard/newlib/ -isystem /home/ambhave/Code/os-goddard/src/build-newlib/x86_64-goddard/newlib/targ-include -isystem /home/ambhave/Code/os-goddard/src/newlib-2.1.0/newlib/libc/include -B/home/ambhave/Code/os-goddard/src/build-newlib/x86_64-goddard/libgloss/x86_64 -L/home/ambhave/Code/os-goddard/src/build-newlib/x86_64-goddard/libgloss/libnosys -L/home/ambhave/Code/os-goddard/src/newlib-2.1.0/libgloss/x86_64   ' 'CFLAGS=-g -O2' 'LDFLAGS=' 'CPPFLAGS=' --cache-file=.././config.cache --srcdir=../../../../newlib-2.1.0/newlib/libm
configure:15129: === configuring in doc (/home/ambhave/Code/os-goddard/src/build-newlib/x86_64-goddard/newlib/doc)
configure:15192: running /bin/bash ../../../../newlib-2.1.0/newlib/doc/configure --disable-option-checking '--prefix=/usr/local/cross'  '--with-newlib' '--enable-multilib' '--with-cross-host=x86_64-unknown-linux-gnu' '--program-transform-name=s&^&x86_64-goddard-&' '--with-target-subdir=x86_64-goddard' '--build=x86_64-unknown-linux-gnu' '--host=x86_64-goddard' '--target=x86_64-goddard' 'build_alias=x86_64-unknown-linux-gnu' 'host_alias=x86_64-goddard' 'target_alias=x86_64-goddard' 'CC=x86_64-goddard-gcc -B/home/ambhave/Code/os-goddard/src/build-newlib/x86_64-goddard/newlib/ -isystem /home/ambhave/Code/os-goddard/src/build-newlib/x86_64-goddard/newlib/targ-include -isystem /home/ambhave/Code/os-goddard/src/newlib-2.1.0/newlib/libc/include -B/home/ambhave/Code/os-goddard/src/build-newlib/x86_64-goddard/libgloss/x86_64 -L/home/ambhave/Code/os-goddard/src/build-newlib/x86_64-goddard/libgloss/libnosys -L/home/ambhave/Code/os-goddard/src/newlib-2.1.0/libgloss/x86_64   ' 'CFLAGS=-g -O2' 'LDFLAGS=' 'CPPFLAGS=' --cache-file=.././config.cache --srcdir=../../../../newlib-2.1.0/newlib/doc

## ---------------- ##
## Cache variables. ##
## ---------------- ##

ac_cv_build=x86_64-unknown-linux-gnu
ac_cv_c_compiler_gnu=yes
ac_cv_env_CCASFLAGS_set=
ac_cv_env_CCASFLAGS_value=
ac_cv_env_CCAS_set=
ac_cv_env_CCAS_value=
ac_cv_env_CC_set=set
ac_cv_env_CC_value='x86_64-goddard-gcc -B/home/ambhave/Code/os-goddard/src/build-newlib/x86_64-goddard/newlib/ -isystem /home/ambhave/Code/os-goddard/src/build-newlib/x86_64-goddard/newlib/targ-include -isystem /home/ambhave/Code/os-goddard/src/newlib-2.1.0/newlib/libc/include -B/home/ambhave/Code/os-goddard/src/build-newlib/x86_64-goddard/libgloss/x86_64 -L/home/ambhave/Code/os-goddard/src/build-newlib/x86_64-goddard/libgloss/libnosys -L/home/ambhave/Code/os-goddard/src/newlib-2.1.0/libgloss/x86_64   '
ac_cv_env_CFLAGS_set=set
ac_cv_env_CFLAGS_value='-g -O2'
ac_cv_env_CPPFLAGS_set=set
ac_cv_env_CPPFLAGS_value=
ac_cv_env_CPP_set=
ac_cv_env_CPP_value=
ac_cv_env_LDFLAGS_set=set
ac_cv_env_LDFLAGS_value=
ac_cv_env_LIBS_set=
ac_cv_env_LIBS_value=
ac_cv_env_build_alias_set=set
ac_cv_env_build_alias_value=x86_64-unknown-linux-gnu
ac_cv_env_host_alias_set=set
ac_cv_env_host_alias_value=x86_64-goddard
ac_cv_env_target_alias_set=set
ac_cv_env_target_alias_value=x86_64-goddard
ac_cv_host=x86_64-pc-goddard
ac_cv_path_SED=/bin/sed
ac_cv_path_mkdir=/bin/mkdir
ac_cv_prog_AR=x86_64-goddard-ar
ac_cv_prog_AS=x86_64-goddard-as
ac_cv_prog_AWK=gawk
ac_cv_prog_CC='x86_64-goddard-gcc -B/home/ambhave/Code/os-goddard/src/build-newlib/x86_64-goddard/newlib/ -isystem /home/ambhave/Code/os-goddard/src/build-newlib/x86_64-goddard/newlib/targ-include -isystem /home/ambhave/Code/os-goddard/src/newlib-2.1.0/newlib/libc/include -B/home/ambhave/Code/os-goddard/src/build-newlib/x86_64-goddard/libgloss/x86_64 -L/home/ambhave/Code/os-goddard/src/build-newlib/x86_64-goddard/libgloss/libnosys -L/home/ambhave/Code/os-goddard/src/newlib-2.1.0/libgloss/x86_64   '
ac_cv_prog_RANLIB=x86_64-goddard-ranlib
ac_cv_prog_READELF=x86_64-goddard-readelf
ac_cv_prog_STRIP=x86_64-goddard-strip
ac_cv_prog_cc_g=no
ac_cv_prog_make_make_set=yes
acnewlib_cv_type_long_double=yes
am_cv_CC_dependencies_compiler_type=gcc3
libc_cv_cc_loop_to_function=yes
libc_cv_initfinit_array=yes
newlib_cv_ldbl_eq_dbl=no

## ----------------- ##
## Output variables. ##
## ----------------- ##

ACLOCAL='${SHELL} /home/ambhave/Code/os-goddard/src/newlib-2.1.0/missing --run aclocal-1.11'
AMDEPBACKSLASH='\'
AMDEP_FALSE='#'
AMDEP_TRUE=''
AMTAR='$${TAR-tar}'
AR='x86_64-goddard-ar'
AS='x86_64-goddard-as'
AUTOCONF='${SHELL} /home/ambhave/Code/os-goddard/src/newlib-2.1.0/missing --run autoconf'
AUTOHEADER='${SHELL} /home/ambhave/Code/os-goddard/src/newlib-2.1.0/missing --run autoheader'
AUTOMAKE='${SHELL} /home/ambhave/Code/os-goddard/src/newlib-2.1.0/missing --run automake-1.11'
AWK='gawk'
CC='x86_64-goddard-gcc -B/home/ambhave/Code/os-goddard/src/build-newlib/x86_64-goddard/newlib/ -isystem /home/ambhave/Code/os-goddard/src/build-newlib/x86_64-goddard/newlib/targ-include -isystem /home/ambhave/Code/os-goddard/src/newlib-2.1.0/newlib/libc/include -B/home/ambhave/Code/os-goddard/src/build-newlib/x86_64-goddard/libgloss/x86_64 -L/home/ambhave/Code/os-goddard/src/build-newlib/x86_64-goddard/libgloss/libnosys -L/home/ambhave/Code/os-goddard/src/newlib-2.1.0/libgloss/x86_64   '
CCAS='x86_64-goddard-gcc -B/home/ambhave/Code/os-goddard/src/build-newlib/x86_64-goddard/newlib/ -isystem /home/ambhave/Code/os-goddard/src/build-newlib/x86_64-goddard/newlib/targ-include -isystem /home/ambhave/Code/os-goddard/src/newlib-2.1.0/newlib/libc/include -B/home/ambhave/Code/os-goddard/src/build-newlib/x86_64-goddard/libgloss/x86_64 -L/home/ambhave/Code/os-goddard/src/build-newlib/x86_64-goddard/libgloss/libnosys -L/home/ambhave/Code/os-goddard/src/newlib-2.1.0/libgloss/x86_64   '
CCASFLAGS='-g -O2'
CCDEPMODE='depmode=gcc3'
CC_FOR_BUILD='gcc'
CC_FOR_NEWLIB='x86_64-goddard-gcc -B/home/ambhave/Code/os-goddard/src/build-newlib/x86_64-goddard/newlib/ -isystem /home/ambhave/Code/os-goddard/src/build-newlib/x86_64-goddard/newlib/targ-include -isystem /home/ambhave/Code/os-goddard/src/newlib-2.1.0/newlib/libc/include -B/home/ambhave/Code/os-goddard/src/build-newlib/x86_64-goddard/libgloss/x86_64 -L/home/ambhave/Code/os-goddard/src/build-newlib/x86_64-goddard/libgloss/libnosys -L/home/ambhave/Code/os-goddard/src/newlib-2.1.0/libgloss/x86_64   '
CFLAGS='-g -O2'
CPP=''
CPPFLAGS=''
CRT0=''
CRT0_DIR=''
CRT1=''
CRT1_DIR=''
CYGPATH_W='echo'
DEFS='-DHAVE_CONFIG_H'
DEPDIR='.deps'
DLLTOOL='x86_64-goddard-dlltool'
DSYMUTIL=''
DUMPBIN=''
ECHO_C=''
ECHO_N='-n'
ECHO_T=''
EGREP=''
ELIX_LEVEL_0_FALSE='#'
ELIX_LEVEL_0_TRUE=''
ELIX_LEVEL_1_FALSE=''
ELIX_LEVEL_1_TRUE='#'
ELIX_LEVEL_2_FALSE=''
ELIX_LEVEL_2_TRUE='#'
ELIX_LEVEL_3_FALSE=''
ELIX_LEVEL_3_TRUE='#'
ELIX_LEVEL_4_FALSE=''
ELIX_LEVEL_4_TRUE='#'
EXEEXT=''
EXTRA_DIRS=''
FGREP=''
GREP=''
HAVE_DOC_FALSE='#'
HAVE_DOC_TRUE=''
HAVE_LONG_DOUBLE_FALSE='#'
HAVE_LONG_DOUBLE_TRUE=''
INSTALL_DATA='/usr/bin/install -c -m 644'
INSTALL_PROGRAM='/usr/bin/install -c'
INSTALL_SCRIPT='/usr/bin/install -c'
INSTALL_STRIP_PROGRAM='$(install_sh) -c -s'
LD='x86_64-goddard-ld'
LDFLAGS=''
LIBM_MACHINE_OBJECTLIST=''
LIBOBJS=''
LIBS=''
LIBTOOL=''
LIPO='x86_64-goddard-lipo'
LN_S=''
LTLIBOBJS=''
MACHINE_OBJECTLIST='libc/machine/x86_64/objectlist.awk.in'
MAINT='#'
MAINTAINER_MODE_FALSE=''
MAINTAINER_MODE_TRUE='#'
MAKEINFO='makeinfo --split-size=5000000'
MAY_SUPPLY_SYSCALLS_FALSE='#'
MAY_SUPPLY_SYSCALLS_TRUE=''
MKDIR_P='/bin/mkdir -p'
NEWLIB_CFLAGS=' -DMISSING_SYSCALL_NAMES -fno-builtin'
NEWLIB_HW_FP_FALSE=''
NEWLIB_HW_FP_TRUE='#'
NM='x86_64-goddard-nm'
NMEDIT=''
NO_INCLUDE_LIST=' rpc/types.h rpc/xdr.h'
OBJDUMP='x86_64-goddard-objdump'
OBJEXT='o'
OTOOL64=''
OTOOL=''
PACKAGE='newlib'
PACKAGE_BUGREPORT=''
PACKAGE_NAME='newlib'
PACKAGE_STRING='newlib 2.1.0'
PACKAGE_TARNAME='newlib'
PACKAGE_URL=''
PACKAGE_VERSION='2.1.0'
PATH_SEPARATOR=':'
POSIX_OBJECTLIST=''
RANLIB='x86_64-goddard-ranlib'
READELF='x86_64-goddard-readelf'
SED='/bin/sed'
SET_MAKE=''
SHELL='/bin/bash'
SIGNAL_OBJECTLIST='libc/signal/objectlist.awk.in'
STDIO64_OBJECTLIST=''
STRIP='x86_64-goddard-strip'
SYSCALL_OBJECTLIST=''
SYS_MACH_OBJECTLIST=''
SYS_OBJECTLIST=''
UNIX_OBJECTLIST=''
USE_LIBTOOL_FALSE=''
USE_LIBTOOL_TRUE='#'
VERSION='2.1.0'
ac_ct_CC=''
ac_ct_DUMPBIN=''
aext='a'
am__EXEEXT_FALSE=''
am__EXEEXT_TRUE='#'
am__fastdepCC_FALSE='#'
am__fastdepCC_TRUE=''
am__include='include'
am__isrc=' -I$(srcdir)'
am__leading_dot='.'
am__nodep='_no'
am__quote=''
am__tar='$${TAR-tar} chof - "$$tardir"'
am__untar='$${TAR-tar} xf -'
bindir='${exec_prefix}/bin'
build='x86_64-unknown-linux-gnu'
build_alias='x86_64-unknown-linux-gnu'
build_cpu='x86_64'
build_os='linux-gnu'
build_vendor='unknown'
datadir='${datarootdir}'
datarootdir='${prefix}/share'
docdir='${datarootdir}/doc/${PACKAGE_TARNAME}'
dvidir='${docdir}'
exec_prefix='${prefix}'
host='x86_64-pc-goddard'
host_alias='x86_64-goddard'
host_cpu='x86_64'
host_os='goddard'
host_vendor='pc'
htmldir='${docdir}'
includedir='${prefix}/include'
infodir='${datarootdir}/info'
install_sh='${SHELL} /home/ambhave/Code/os-goddard/src/newlib-2.1.0/install-sh'
libc_cv_cc_loop_to_function='yes'
libc_cv_initfinit_array='yes'
libdir='${exec_prefix}/lib'
libexecdir='${exec_prefix}/libexec'
libm_machine_dir=''
localedir='${datarootdir}/locale'
localstatedir='${prefix}/var'
lpfx='lib_a-'
machine_dir='x86_64'
mandir='${datarootdir}/man'
mkdir_p='/bin/mkdir -p'
newlib_basedir='../../../newlib-2.1.0/newlib/.'
oext='o'
oldincludedir='/usr/include'
pdfdir='${docdir}'
prefix='/usr/local/cross'
program_transform_name='s&^&x86_64-goddard-&'
psdir='${docdir}'
sbindir='${exec_prefix}/sbin'
sharedstatedir='${prefix}/com'
subdirs=' libc libm doc'
sys_dir=''
sysconfdir='${prefix}/etc'
target_alias='x86_64-goddard'

## ----------- ##
## confdefs.h. ##
## ----------- ##

/* confdefs.h */
#define PACKAGE_NAME "newlib"
#define PACKAGE_TARNAME "newlib"
#define PACKAGE_VERSION "2.1.0"
#define PACKAGE_STRING "newlib 2.1.0"
#define PACKAGE_BUGREPORT ""
#define PACKAGE_URL ""
#define _MB_LEN_MAX 1
#define _NEWLIB_VERSION "2.1.0"
#define _ATEXIT_DYNAMIC_ALLOC 1
#define _FVWRITE_IN_STREAMIO 1
#define _FSEEK_OPTIMIZATION 1
#define _WIDE_ORIENT 1
#define _UNBUF_STREAM_OPT 1
#define HAVE_INITFINI_ARRAY 1
#define _HAVE_CC_INHIBIT_LOOP_TO_LIBCALL 1
#define _HAVE_LONG_DOUBLE 1

configure: exit 0
