This file contains any messages produced by compilers while
running configure, to aid debugging if configure makes a mistake.

It was created by libgloss configure LIBGLOSS_VERSION, which was
generated by GNU Autoconf 2.68.  Invocation command line was

  $ /home/ambhave/Code/os-goddard/src/newlib-2.1.0/libgloss/configure --cache-file=./config.cache --with-newlib --enable-multilib --with-cross-host=x86_64-unknown-linux-gnu --prefix=/usr/local/cross --program-transform-name=s&^&x86_64-goddard-& --disable-option-checking --with-target-subdir=x86_64-goddard --build=x86_64-unknown-linux-gnu --host=x86_64-goddard --target=x86_64-goddard --srcdir=../../../newlib-2.1.0/libgloss

## --------- ##
## Platform. ##
## --------- ##

hostname = amol
uname -m = x86_64
uname -r = 3.11.0-19-generic
uname -s = Linux
uname -v = #33-Ubuntu SMP Tue Mar 11 18:48:34 UTC 2014

/usr/bin/uname -p = unknown
/bin/uname -X     = unknown

/bin/arch              = unknown
/usr/bin/arch -k       = unknown
/usr/convex/getsysinfo = unknown
/usr/bin/hostinfo      = unknown
/bin/machine           = unknown
/usr/bin/oslevel       = unknown
/bin/universe          = unknown

PATH: /usr/local/cross/bin
PATH: /usr/local/cross/bin
PATH: /usr/lib/lightdm/lightdm
PATH: /usr/local/sbin
PATH: /usr/local/bin
PATH: /usr/sbin
PATH: /usr/bin
PATH: /sbin
PATH: /bin
PATH: /usr/games
PATH: /usr/local/games
PATH: /home/ambhave/bin
PATH: /usr/local/java/jdk1.7.0_51/bin
PATH: /home/ambhave/.rvm/bin
PATH: /home/ambhave/.rvm/bin


## ----------- ##
## Core tests. ##
## ----------- ##

configure:1732: creating cache ./config.cache
configure:1864: checking for a BSD-compatible install
configure:1932: result: /usr/bin/install -c
configure:1948: checking build system type
configure:1962: result: x86_64-unknown-linux-gnu
configure:1982: checking host system type
configure:1995: result: x86_64-pc-goddard
configure:2015: checking target system type
configure:2028: result: x86_64-pc-goddard
configure:2056: checking whether build environment is sane
configure:2093: result: yes
configure:2155: checking for gawk
configure:2182: result: gawk
configure:2193: checking whether make sets $(MAKE)
configure:2215: result: yes
configure:2280: checking for x86_64-goddard-strip
configure:2307: result: x86_64-goddard-strip
configure:2583: checking for style of include used by make
configure:2611: result: GNU
configure:2638: checking for gcc
configure:2665: result: x86_64-goddard-gcc -B/home/ambhave/Code/os-goddard/src/build-newlib/x86_64-goddard/newlib/ -isystem /home/ambhave/Code/os-goddard/src/build-newlib/x86_64-goddard/newlib/targ-include -isystem /home/ambhave/Code/os-goddard/src/newlib-2.1.0/newlib/libc/include -B/home/ambhave/Code/os-goddard/src/build-newlib/x86_64-goddard/libgloss/x86_64 -L/home/ambhave/Code/os-goddard/src/build-newlib/x86_64-goddard/libgloss/libnosys -L/home/ambhave/Code/os-goddard/src/newlib-2.1.0/libgloss/x86_64   
configure:2676: checking dependency style of x86_64-goddard-gcc -B/home/ambhave/Code/os-goddard/src/build-newlib/x86_64-goddard/newlib/ -isystem /home/ambhave/Code/os-goddard/src/build-newlib/x86_64-goddard/newlib/targ-include -isystem /home/ambhave/Code/os-goddard/src/newlib-2.1.0/newlib/libc/include -B/home/ambhave/Code/os-goddard/src/build-newlib/x86_64-goddard/libgloss/x86_64 -L/home/ambhave/Code/os-goddard/src/build-newlib/x86_64-goddard/libgloss/libnosys -L/home/ambhave/Code/os-goddard/src/newlib-2.1.0/libgloss/x86_64   
configure:2766: result: gcc3
configure:2841: checking whether we are using GNU C
configure:2852: x86_64-goddard-gcc -B/home/ambhave/Code/os-goddard/src/build-newlib/x86_64-goddard/newlib/ -isystem /home/ambhave/Code/os-goddard/src/build-newlib/x86_64-goddard/newlib/targ-include -isystem /home/ambhave/Code/os-goddard/src/newlib-2.1.0/newlib/libc/include -B/home/ambhave/Code/os-goddard/src/build-newlib/x86_64-goddard/libgloss/x86_64 -L/home/ambhave/Code/os-goddard/src/build-newlib/x86_64-goddard/libgloss/libnosys -L/home/ambhave/Code/os-goddard/src/newlib-2.1.0/libgloss/x86_64    -E conftest.c
configure:2855: $? = 0
configure:2862: result: yes
configure:2872: checking whether x86_64-goddard-gcc -B/home/ambhave/Code/os-goddard/src/build-newlib/x86_64-goddard/newlib/ -isystem /home/ambhave/Code/os-goddard/src/build-newlib/x86_64-goddard/newlib/targ-include -isystem /home/ambhave/Code/os-goddard/src/newlib-2.1.0/newlib/libc/include -B/home/ambhave/Code/os-goddard/src/build-newlib/x86_64-goddard/libgloss/x86_64 -L/home/ambhave/Code/os-goddard/src/build-newlib/x86_64-goddard/libgloss/libnosys -L/home/ambhave/Code/os-goddard/src/newlib-2.1.0/libgloss/x86_64    accepts -g
configure:2892: x86_64-goddard-gcc -B/home/ambhave/Code/os-goddard/src/build-newlib/x86_64-goddard/newlib/ -isystem /home/ambhave/Code/os-goddard/src/build-newlib/x86_64-goddard/newlib/targ-include -isystem /home/ambhave/Code/os-goddard/src/newlib-2.1.0/newlib/libc/include -B/home/ambhave/Code/os-goddard/src/build-newlib/x86_64-goddard/libgloss/x86_64 -L/home/ambhave/Code/os-goddard/src/build-newlib/x86_64-goddard/libgloss/libnosys -L/home/ambhave/Code/os-goddard/src/newlib-2.1.0/libgloss/x86_64    -c -g  conftest.c >&5
configure:2892: $? = 0
configure: failed program was:
| /* confdefs.h */
| #define PACKAGE_NAME "libgloss"
| #define PACKAGE_TARNAME "libgloss"
| #define PACKAGE_VERSION "LIBGLOSS_VERSION"
| #define PACKAGE_STRING "libgloss LIBGLOSS_VERSION"
| #define PACKAGE_BUGREPORT ""
| #define PACKAGE_URL ""
| /* end confdefs.h.  */
| 
| int
| main ()
| {
| 
|   ;
|   return 0;
| }
configure:2907: x86_64-goddard-gcc -B/home/ambhave/Code/os-goddard/src/build-newlib/x86_64-goddard/newlib/ -isystem /home/ambhave/Code/os-goddard/src/build-newlib/x86_64-goddard/newlib/targ-include -isystem /home/ambhave/Code/os-goddard/src/newlib-2.1.0/newlib/libc/include -B/home/ambhave/Code/os-goddard/src/build-newlib/x86_64-goddard/libgloss/x86_64 -L/home/ambhave/Code/os-goddard/src/build-newlib/x86_64-goddard/libgloss/libnosys -L/home/ambhave/Code/os-goddard/src/newlib-2.1.0/libgloss/x86_64    -c   conftest.c >&5
configure:2907: $? = 0
configure: failed program was:
| /* confdefs.h */
| #define PACKAGE_NAME "libgloss"
| #define PACKAGE_TARNAME "libgloss"
| #define PACKAGE_VERSION "LIBGLOSS_VERSION"
| #define PACKAGE_STRING "libgloss LIBGLOSS_VERSION"
| #define PACKAGE_BUGREPORT ""
| #define PACKAGE_URL ""
| /* end confdefs.h.  */
| 
| int
| main ()
| {
| 
|   ;
|   return 0;
| }
configure:2923: x86_64-goddard-gcc -B/home/ambhave/Code/os-goddard/src/build-newlib/x86_64-goddard/newlib/ -isystem /home/ambhave/Code/os-goddard/src/build-newlib/x86_64-goddard/newlib/targ-include -isystem /home/ambhave/Code/os-goddard/src/newlib-2.1.0/newlib/libc/include -B/home/ambhave/Code/os-goddard/src/build-newlib/x86_64-goddard/libgloss/x86_64 -L/home/ambhave/Code/os-goddard/src/build-newlib/x86_64-goddard/libgloss/libnosys -L/home/ambhave/Code/os-goddard/src/newlib-2.1.0/libgloss/x86_64    -c -g  conftest.c >&5
configure:2923: $? = 0
configure: failed program was:
| /* confdefs.h */
| #define PACKAGE_NAME "libgloss"
| #define PACKAGE_TARNAME "libgloss"
| #define PACKAGE_VERSION "LIBGLOSS_VERSION"
| #define PACKAGE_STRING "libgloss LIBGLOSS_VERSION"
| #define PACKAGE_BUGREPORT ""
| #define PACKAGE_URL ""
| /* end confdefs.h.  */
| 
| int
| main ()
| {
| 
|   ;
|   return 0;
| }
configure:2933: result: no
configure:2966: checking for ar
configure:2994: result: x86_64-goddard-ar
configure:3009: checking for x86_64-goddard-ranlib
configure:3036: result: x86_64-goddard-ranlib
configure:3186: updating cache ./config.cache
configure:3279: creating ./config.status

## ---------------------- ##
## Running config.status. ##
## ---------------------- ##

This file was extended by libgloss config.status LIBGLOSS_VERSION, which was
generated by GNU Autoconf 2.68.  Invocation command line was

  CONFIG_FILES    = 
  CONFIG_HEADERS  = 
  CONFIG_LINKS    = 
  CONFIG_COMMANDS = 
  $ ./config.status 

on amol

config.status:829: creating Makefile
config.status:985: executing depfiles commands
configure:4521: === configuring in doc (/home/ambhave/Code/os-goddard/src/build-newlib/x86_64-goddard/libgloss/doc)
configure:4584: running /bin/bash ../../../../newlib-2.1.0/libgloss/doc/configure --disable-option-checking '--prefix=/usr/local/cross'  '--with-newlib' '--enable-multilib' '--with-cross-host=x86_64-unknown-linux-gnu' '--program-transform-name=s&^&x86_64-goddard-&' '--with-target-subdir=x86_64-goddard' '--build=x86_64-unknown-linux-gnu' '--host=x86_64-goddard' '--target=x86_64-goddard' 'build_alias=x86_64-unknown-linux-gnu' 'host_alias=x86_64-goddard' 'target_alias=x86_64-goddard' --cache-file=.././config.cache --srcdir=../../../../newlib-2.1.0/libgloss/doc
configure:4521: === configuring in libnosys (/home/ambhave/Code/os-goddard/src/build-newlib/x86_64-goddard/libgloss/libnosys)
configure:4584: running /bin/bash ../../../../newlib-2.1.0/libgloss/libnosys/configure --disable-option-checking '--prefix=/usr/local/cross'  '--with-newlib' '--enable-multilib' '--with-cross-host=x86_64-unknown-linux-gnu' '--program-transform-name=s&^&x86_64-goddard-&' '--with-target-subdir=x86_64-goddard' '--build=x86_64-unknown-linux-gnu' '--host=x86_64-goddard' '--target=x86_64-goddard' 'build_alias=x86_64-unknown-linux-gnu' 'host_alias=x86_64-goddard' 'target_alias=x86_64-goddard' --cache-file=.././config.cache --srcdir=../../../../newlib-2.1.0/libgloss/libnosys

## ---------------- ##
## Cache variables. ##
## ---------------- ##

ac_cv_build=x86_64-unknown-linux-gnu
ac_cv_c_compiler_gnu=yes
ac_cv_env_CCASFLAGS_set=
ac_cv_env_CCASFLAGS_value=
ac_cv_env_CCAS_set=
ac_cv_env_CCAS_value=
ac_cv_env_build_alias_set=set
ac_cv_env_build_alias_value=x86_64-unknown-linux-gnu
ac_cv_env_host_alias_set=set
ac_cv_env_host_alias_value=x86_64-goddard
ac_cv_env_target_alias_set=set
ac_cv_env_target_alias_value=x86_64-goddard
ac_cv_host=x86_64-pc-goddard
ac_cv_prog_AR=x86_64-goddard-ar
ac_cv_prog_AWK=gawk
ac_cv_prog_CC='x86_64-goddard-gcc -B/home/ambhave/Code/os-goddard/src/build-newlib/x86_64-goddard/newlib/ -isystem /home/ambhave/Code/os-goddard/src/build-newlib/x86_64-goddard/newlib/targ-include -isystem /home/ambhave/Code/os-goddard/src/newlib-2.1.0/newlib/libc/include -B/home/ambhave/Code/os-goddard/src/build-newlib/x86_64-goddard/libgloss/x86_64 -L/home/ambhave/Code/os-goddard/src/build-newlib/x86_64-goddard/libgloss/libnosys -L/home/ambhave/Code/os-goddard/src/newlib-2.1.0/libgloss/x86_64   '
ac_cv_prog_RANLIB=x86_64-goddard-ranlib
ac_cv_prog_STRIP=x86_64-goddard-strip
ac_cv_prog_cc_g=no
ac_cv_prog_make_make_set=yes
ac_cv_target=x86_64-pc-goddard
am_cv_CC_dependencies_compiler_type=gcc3

## ----------------- ##
## Output variables. ##
## ----------------- ##

ACLOCAL='${SHELL} /home/ambhave/Code/os-goddard/src/newlib-2.1.0/missing --run aclocal-1.9'
AMDEPBACKSLASH='\'
AMDEP_FALSE='#'
AMDEP_TRUE=''
AMTAR='${SHELL} /home/ambhave/Code/os-goddard/src/newlib-2.1.0/missing --run tar'
AR='x86_64-goddard-ar'
AS='x86_64-goddard-as'
AUTOCONF='${SHELL} /home/ambhave/Code/os-goddard/src/newlib-2.1.0/missing --run autoconf'
AUTOHEADER='${SHELL} /home/ambhave/Code/os-goddard/src/newlib-2.1.0/missing --run autoheader'
AUTOMAKE='${SHELL} /home/ambhave/Code/os-goddard/src/newlib-2.1.0/missing --run automake-1.9'
AWK='gawk'
CC='x86_64-goddard-gcc -B/home/ambhave/Code/os-goddard/src/build-newlib/x86_64-goddard/newlib/ -isystem /home/ambhave/Code/os-goddard/src/build-newlib/x86_64-goddard/newlib/targ-include -isystem /home/ambhave/Code/os-goddard/src/newlib-2.1.0/newlib/libc/include -B/home/ambhave/Code/os-goddard/src/build-newlib/x86_64-goddard/libgloss/x86_64 -L/home/ambhave/Code/os-goddard/src/build-newlib/x86_64-goddard/libgloss/libnosys -L/home/ambhave/Code/os-goddard/src/newlib-2.1.0/libgloss/x86_64   '
CCAS='x86_64-goddard-gcc -B/home/ambhave/Code/os-goddard/src/build-newlib/x86_64-goddard/newlib/ -isystem /home/ambhave/Code/os-goddard/src/build-newlib/x86_64-goddard/newlib/targ-include -isystem /home/ambhave/Code/os-goddard/src/newlib-2.1.0/newlib/libc/include -B/home/ambhave/Code/os-goddard/src/build-newlib/x86_64-goddard/libgloss/x86_64 -L/home/ambhave/Code/os-goddard/src/build-newlib/x86_64-goddard/libgloss/libnosys -L/home/ambhave/Code/os-goddard/src/newlib-2.1.0/libgloss/x86_64   '
CCASFLAGS=''
CCDEPMODE='depmode=gcc3'
CYGPATH_W='echo'
DEFS='-DPACKAGE_NAME=\"libgloss\" -DPACKAGE_TARNAME=\"libgloss\" -DPACKAGE_VERSION=\"LIBGLOSS_VERSION\" -DPACKAGE_STRING=\"libgloss\ LIBGLOSS_VERSION\" -DPACKAGE_BUGREPORT=\"\" -DPACKAGE_URL=\"\"'
DEPDIR='.deps'
ECHO_C=''
ECHO_N='-n'
ECHO_T=''
INSTALL_DATA='/usr/bin/install -c -m 644'
INSTALL_PROGRAM='/usr/bin/install -c'
INSTALL_SCRIPT='/usr/bin/install -c'
INSTALL_STRIP_PROGRAM='${SHELL} $(install_sh) -c -s'
LD='x86_64-goddard-ld'
LIBOBJS=''
LIBS=''
LTLIBOBJS=''
MAKEINFO='makeinfo --split-size=5000000'
PACKAGE='libgloss'
PACKAGE_BUGREPORT=''
PACKAGE_NAME='libgloss'
PACKAGE_STRING='libgloss LIBGLOSS_VERSION'
PACKAGE_TARNAME='libgloss'
PACKAGE_URL=''
PACKAGE_VERSION='LIBGLOSS_VERSION'
PATH_SEPARATOR=':'
RANLIB='x86_64-goddard-ranlib'
SET_MAKE=''
SHELL='/bin/bash'
STRIP='x86_64-goddard-strip'
VERSION='LIBGLOSS_VERSION'
am__fastdepCC_FALSE='#'
am__fastdepCC_TRUE=''
am__include='include'
am__leading_dot='.'
am__quote=''
am__tar='${AMTAR} chof - "$$tardir"'
am__untar='${AMTAR} xf -'
bindir='${exec_prefix}/bin'
build='x86_64-unknown-linux-gnu'
build_alias='x86_64-unknown-linux-gnu'
build_cpu='x86_64'
build_os='linux-gnu'
build_vendor='unknown'
datadir='${datarootdir}'
datarootdir='${prefix}/share'
docdir='${datarootdir}/doc/${PACKAGE_TARNAME}'
dvidir='${docdir}'
exec_prefix='${prefix}'
host='x86_64-pc-goddard'
host_alias='x86_64-goddard'
host_cpu='x86_64'
host_makefile_frag_path='../../../newlib-2.1.0/libgloss/config/default.mh'
host_os='goddard'
host_vendor='pc'
htmldir='${docdir}'
includedir='${prefix}/include'
infodir='${datarootdir}/info'
install_sh='/home/ambhave/Code/os-goddard/src/newlib-2.1.0/install-sh'
libdir='${exec_prefix}/lib'
libexecdir='${exec_prefix}/libexec'
localedir='${datarootdir}/locale'
localstatedir='${prefix}/var'
mandir='${datarootdir}/man'
mkdir_p='mkdir -p --'
oldincludedir='/usr/include'
pdfdir='${docdir}'
prefix='/usr/local/cross'
program_transform_name='s&^&x86_64-goddard-&'
psdir='${docdir}'
sbindir='${exec_prefix}/sbin'
sharedstatedir='${prefix}/com'
subdirs=' doc libnosys'
sysconfdir='${prefix}/etc'
target='x86_64-pc-goddard'
target_alias='x86_64-goddard'
target_cpu='x86_64'
target_os='goddard'
target_vendor='pc'

## ------------------- ##
## File substitutions. ##
## ------------------- ##

host_makefile_frag='../../../newlib-2.1.0/libgloss/config/default.mh'

## ----------- ##
## confdefs.h. ##
## ----------- ##

/* confdefs.h */
#define PACKAGE_NAME "libgloss"
#define PACKAGE_TARNAME "libgloss"
#define PACKAGE_VERSION "LIBGLOSS_VERSION"
#define PACKAGE_STRING "libgloss LIBGLOSS_VERSION"
#define PACKAGE_BUGREPORT ""
#define PACKAGE_URL ""

configure: exit 0
