This file contains any messages produced by compilers while
running configure, to aid debugging if configure makes a mistake.

It was created by newlib configure 2.1.0, which was
generated by GNU Autoconf 2.68.  Invocation command line was

  $ ../../../../../newlib-2.1.0/newlib/libc/machine/configure --disable-option-checking --prefix=/usr/local/cross --with-newlib --enable-multilib --with-cross-host=x86_64-unknown-linux-gnu --program-transform-name=s&^&x86_64-goddard-& --with-target-subdir=x86_64-goddard --build=x86_64-unknown-linux-gnu --host=x86_64-goddard --target=x86_64-goddard build_alias=x86_64-unknown-linux-gnu host_alias=x86_64-goddard target_alias=x86_64-goddard CC=x86_64-goddard-gcc -B/home/ambhave/Code/os-goddard/src/build-newlib/x86_64-goddard/newlib/ -isystem /home/ambhave/Code/os-goddard/src/build-newlib/x86_64-goddard/newlib/targ-include -isystem /home/ambhave/Code/os-goddard/src/newlib-2.1.0/newlib/libc/include -B/home/ambhave/Code/os-goddard/src/build-newlib/x86_64-goddard/libgloss/x86_64 -L/home/ambhave/Code/os-goddard/src/build-newlib/x86_64-goddard/libgloss/libnosys -L/home/ambhave/Code/os-goddard/src/newlib-2.1.0/libgloss/x86_64    CFLAGS=-g -O2 LDFLAGS= CPPFLAGS= --cache-file=../.././config.cache --srcdir=../../../../../newlib-2.1.0/newlib/libc/machine

## --------- ##
## Platform. ##
## --------- ##

hostname = amol
uname -m = x86_64
uname -r = 3.11.0-19-generic
uname -s = Linux
uname -v = #33-Ubuntu SMP Tue Mar 11 18:48:34 UTC 2014

/usr/bin/uname -p = unknown
/bin/uname -X     = unknown

/bin/arch              = unknown
/usr/bin/arch -k       = unknown
/usr/convex/getsysinfo = unknown
/usr/bin/hostinfo      = unknown
/bin/machine           = unknown
/usr/bin/oslevel       = unknown
/bin/universe          = unknown

PATH: /usr/local/cross/bin
PATH: /usr/local/cross/bin
PATH: /usr/lib/lightdm/lightdm
PATH: /usr/local/sbin
PATH: /usr/local/bin
PATH: /usr/sbin
PATH: /usr/bin
PATH: /sbin
PATH: /bin
PATH: /usr/games
PATH: /usr/local/games
PATH: /home/ambhave/bin
PATH: /usr/local/java/jdk1.7.0_51/bin
PATH: /home/ambhave/.rvm/bin
PATH: /home/ambhave/.rvm/bin


## ----------- ##
## Core tests. ##
## ----------- ##

configure:2104: loading cache ../.././config.cache
configure:2222: checking build system type
configure:2236: result: x86_64-unknown-linux-gnu
configure:2256: checking host system type
configure:2269: result: x86_64-pc-goddard
configure:2305: checking for a BSD-compatible install
configure:2373: result: /usr/bin/install -c
configure:2384: checking whether build environment is sane
configure:2434: result: yes
configure:2483: checking for x86_64-goddard-strip
configure:2510: result: x86_64-goddard-strip
configure:2575: checking for a thread-safe mkdir -p
configure:2614: result: /bin/mkdir -p
configure:2627: checking for gawk
configure:2654: result: gawk
configure:2665: checking whether make sets $(MAKE)
configure:2687: result: yes
configure:2717: checking for style of include used by make
configure:2745: result: GNU
configure:2955: checking for gcc
configure:2982: result: x86_64-goddard-gcc -B/home/ambhave/Code/os-goddard/src/build-newlib/x86_64-goddard/newlib/ -isystem /home/ambhave/Code/os-goddard/src/build-newlib/x86_64-goddard/newlib/targ-include -isystem /home/ambhave/Code/os-goddard/src/newlib-2.1.0/newlib/libc/include -B/home/ambhave/Code/os-goddard/src/build-newlib/x86_64-goddard/libgloss/x86_64 -L/home/ambhave/Code/os-goddard/src/build-newlib/x86_64-goddard/libgloss/libnosys -L/home/ambhave/Code/os-goddard/src/newlib-2.1.0/libgloss/x86_64   
configure:2993: checking dependency style of x86_64-goddard-gcc -B/home/ambhave/Code/os-goddard/src/build-newlib/x86_64-goddard/newlib/ -isystem /home/ambhave/Code/os-goddard/src/build-newlib/x86_64-goddard/newlib/targ-include -isystem /home/ambhave/Code/os-goddard/src/newlib-2.1.0/newlib/libc/include -B/home/ambhave/Code/os-goddard/src/build-newlib/x86_64-goddard/libgloss/x86_64 -L/home/ambhave/Code/os-goddard/src/build-newlib/x86_64-goddard/libgloss/libnosys -L/home/ambhave/Code/os-goddard/src/newlib-2.1.0/libgloss/x86_64   
configure:3104: result: gcc3
configure:3177: checking whether we are using GNU C
configure:3198: result: yes
configure:3207: checking whether x86_64-goddard-gcc -B/home/ambhave/Code/os-goddard/src/build-newlib/x86_64-goddard/newlib/ -isystem /home/ambhave/Code/os-goddard/src/build-newlib/x86_64-goddard/newlib/targ-include -isystem /home/ambhave/Code/os-goddard/src/newlib-2.1.0/newlib/libc/include -B/home/ambhave/Code/os-goddard/src/build-newlib/x86_64-goddard/libgloss/x86_64 -L/home/ambhave/Code/os-goddard/src/build-newlib/x86_64-goddard/libgloss/libnosys -L/home/ambhave/Code/os-goddard/src/newlib-2.1.0/libgloss/x86_64    accepts -g
configure:3268: result: no
configure:3301: checking for x86_64-goddard-as
configure:3328: result: x86_64-goddard-as
configure:3393: checking for x86_64-goddard-ar
configure:3420: result: x86_64-goddard-ar
configure:3485: checking for x86_64-goddard-ranlib
configure:3512: result: x86_64-goddard-ranlib
configure:3577: checking for x86_64-goddard-readelf
configure:3604: result: x86_64-goddard-readelf
configure:3673: checking whether to enable maintainer-specific portions of Makefiles
configure:3682: result: no
configure:3792: checking for a sed that does not truncate output
configure:3856: result: /bin/sed
configure:3878: checking how to print strings
configure:3905: result: printf
configure:12150: creating ./config.status

## ---------------------- ##
## Running config.status. ##
## ---------------------- ##

This file was extended by newlib config.status 2.1.0, which was
generated by GNU Autoconf 2.68.  Invocation command line was

  CONFIG_FILES    = 
  CONFIG_HEADERS  = 
  CONFIG_LINKS    = 
  CONFIG_COMMANDS = 
  $ ./config.status 

on amol

config.status:1035: creating Makefile
config.status:1192: executing depfiles commands
configure:14269: === configuring in x86_64 (/home/ambhave/Code/os-goddard/src/build-newlib/x86_64-goddard/newlib/libc/machine/x86_64)
configure:14332: running /bin/bash ../../../../../../newlib-2.1.0/newlib/libc/machine/x86_64/configure --disable-option-checking '--prefix=/usr/local/cross'  '--with-newlib' '--enable-multilib' '--with-cross-host=x86_64-unknown-linux-gnu' '--program-transform-name=s&^&x86_64-goddard-&' '--with-target-subdir=x86_64-goddard' '--build=x86_64-unknown-linux-gnu' '--host=x86_64-goddard' '--target=x86_64-goddard' 'build_alias=x86_64-unknown-linux-gnu' 'host_alias=x86_64-goddard' 'target_alias=x86_64-goddard' 'CC=x86_64-goddard-gcc -B/home/ambhave/Code/os-goddard/src/build-newlib/x86_64-goddard/newlib/ -isystem /home/ambhave/Code/os-goddard/src/build-newlib/x86_64-goddard/newlib/targ-include -isystem /home/ambhave/Code/os-goddard/src/newlib-2.1.0/newlib/libc/include -B/home/ambhave/Code/os-goddard/src/build-newlib/x86_64-goddard/libgloss/x86_64 -L/home/ambhave/Code/os-goddard/src/build-newlib/x86_64-goddard/libgloss/libnosys -L/home/ambhave/Code/os-goddard/src/newlib-2.1.0/libgloss/x86_64   ' 'CFLAGS=-g -O2' 'LDFLAGS=' 'CPPFLAGS=' --cache-file=../../.././config.cache --srcdir=../../../../../../newlib-2.1.0/newlib/libc/machine/x86_64

## ---------------- ##
## Cache variables. ##
## ---------------- ##

ac_cv_build=x86_64-unknown-linux-gnu
ac_cv_c_compiler_gnu=yes
ac_cv_env_CCASFLAGS_set=
ac_cv_env_CCASFLAGS_value=
ac_cv_env_CCAS_set=
ac_cv_env_CCAS_value=
ac_cv_env_CC_set=set
ac_cv_env_CC_value='x86_64-goddard-gcc -B/home/ambhave/Code/os-goddard/src/build-newlib/x86_64-goddard/newlib/ -isystem /home/ambhave/Code/os-goddard/src/build-newlib/x86_64-goddard/newlib/targ-include -isystem /home/ambhave/Code/os-goddard/src/newlib-2.1.0/newlib/libc/include -B/home/ambhave/Code/os-goddard/src/build-newlib/x86_64-goddard/libgloss/x86_64 -L/home/ambhave/Code/os-goddard/src/build-newlib/x86_64-goddard/libgloss/libnosys -L/home/ambhave/Code/os-goddard/src/newlib-2.1.0/libgloss/x86_64   '
ac_cv_env_CFLAGS_set=set
ac_cv_env_CFLAGS_value='-g -O2'
ac_cv_env_CPPFLAGS_set=set
ac_cv_env_CPPFLAGS_value=
ac_cv_env_CPP_set=
ac_cv_env_CPP_value=
ac_cv_env_LDFLAGS_set=set
ac_cv_env_LDFLAGS_value=
ac_cv_env_LIBS_set=
ac_cv_env_LIBS_value=
ac_cv_env_build_alias_set=set
ac_cv_env_build_alias_value=x86_64-unknown-linux-gnu
ac_cv_env_host_alias_set=set
ac_cv_env_host_alias_value=x86_64-goddard
ac_cv_env_target_alias_set=set
ac_cv_env_target_alias_value=x86_64-goddard
ac_cv_host=x86_64-pc-goddard
ac_cv_path_SED=/bin/sed
ac_cv_path_mkdir=/bin/mkdir
ac_cv_prog_AR=x86_64-goddard-ar
ac_cv_prog_AS=x86_64-goddard-as
ac_cv_prog_AWK=gawk
ac_cv_prog_CC='x86_64-goddard-gcc -B/home/ambhave/Code/os-goddard/src/build-newlib/x86_64-goddard/newlib/ -isystem /home/ambhave/Code/os-goddard/src/build-newlib/x86_64-goddard/newlib/targ-include -isystem /home/ambhave/Code/os-goddard/src/newlib-2.1.0/newlib/libc/include -B/home/ambhave/Code/os-goddard/src/build-newlib/x86_64-goddard/libgloss/x86_64 -L/home/ambhave/Code/os-goddard/src/build-newlib/x86_64-goddard/libgloss/libnosys -L/home/ambhave/Code/os-goddard/src/newlib-2.1.0/libgloss/x86_64   '
ac_cv_prog_RANLIB=x86_64-goddard-ranlib
ac_cv_prog_READELF=x86_64-goddard-readelf
ac_cv_prog_STRIP=x86_64-goddard-strip
ac_cv_prog_cc_g=no
ac_cv_prog_make_make_set=yes
acnewlib_cv_type_long_double=yes
am_cv_CC_dependencies_compiler_type=gcc3
libc_cv_cc_loop_to_function=yes
libc_cv_initfinit_array=yes
newlib_cv_ldbl_eq_dbl=no

## ----------------- ##
## Output variables. ##
## ----------------- ##

ACLOCAL='${SHELL} /home/ambhave/Code/os-goddard/src/newlib-2.1.0/missing --run aclocal-1.11'
AMDEPBACKSLASH='\'
AMDEP_FALSE='#'
AMDEP_TRUE=''
AMTAR='$${TAR-tar}'
AR='x86_64-goddard-ar'
AS='x86_64-goddard-as'
AUTOCONF='${SHELL} /home/ambhave/Code/os-goddard/src/newlib-2.1.0/missing --run autoconf'
AUTOHEADER='${SHELL} /home/ambhave/Code/os-goddard/src/newlib-2.1.0/missing --run autoheader'
AUTOMAKE='${SHELL} /home/ambhave/Code/os-goddard/src/newlib-2.1.0/missing --run automake-1.11'
AWK='gawk'
CC='x86_64-goddard-gcc -B/home/ambhave/Code/os-goddard/src/build-newlib/x86_64-goddard/newlib/ -isystem /home/ambhave/Code/os-goddard/src/build-newlib/x86_64-goddard/newlib/targ-include -isystem /home/ambhave/Code/os-goddard/src/newlib-2.1.0/newlib/libc/include -B/home/ambhave/Code/os-goddard/src/build-newlib/x86_64-goddard/libgloss/x86_64 -L/home/ambhave/Code/os-goddard/src/build-newlib/x86_64-goddard/libgloss/libnosys -L/home/ambhave/Code/os-goddard/src/newlib-2.1.0/libgloss/x86_64   '
CCAS='x86_64-goddard-gcc -B/home/ambhave/Code/os-goddard/src/build-newlib/x86_64-goddard/newlib/ -isystem /home/ambhave/Code/os-goddard/src/build-newlib/x86_64-goddard/newlib/targ-include -isystem /home/ambhave/Code/os-goddard/src/newlib-2.1.0/newlib/libc/include -B/home/ambhave/Code/os-goddard/src/build-newlib/x86_64-goddard/libgloss/x86_64 -L/home/ambhave/Code/os-goddard/src/build-newlib/x86_64-goddard/libgloss/libnosys -L/home/ambhave/Code/os-goddard/src/newlib-2.1.0/libgloss/x86_64   '
CCASFLAGS='-g -O2'
CCDEPMODE='depmode=gcc3'
CFLAGS='-g -O2'
CPP=''
CPPFLAGS=''
CYGPATH_W='echo'
DEFS='-DPACKAGE_NAME=\"newlib\" -DPACKAGE_TARNAME=\"newlib\" -DPACKAGE_VERSION=\"2.1.0\" -DPACKAGE_STRING=\"newlib\ 2.1.0\" -DPACKAGE_BUGREPORT=\"\" -DPACKAGE_URL=\"\"'
DEPDIR='.deps'
DLLTOOL='x86_64-goddard-dlltool'
DSYMUTIL=''
DUMPBIN=''
ECHO_C=''
ECHO_N='-n'
ECHO_T=''
EGREP=''
ELIX_LEVEL_0_FALSE='#'
ELIX_LEVEL_0_TRUE=''
ELIX_LEVEL_1_FALSE=''
ELIX_LEVEL_1_TRUE='#'
ELIX_LEVEL_2_FALSE=''
ELIX_LEVEL_2_TRUE='#'
ELIX_LEVEL_3_FALSE=''
ELIX_LEVEL_3_TRUE='#'
ELIX_LEVEL_4_FALSE=''
ELIX_LEVEL_4_TRUE='#'
EXEEXT=''
FGREP=''
GREP=''
HAVE_MACHINE_DIR_FALSE='#'
HAVE_MACHINE_DIR_TRUE=''
INSTALL_DATA='/usr/bin/install -c -m 644'
INSTALL_PROGRAM='/usr/bin/install -c'
INSTALL_SCRIPT='/usr/bin/install -c'
INSTALL_STRIP_PROGRAM='$(install_sh) -c -s'
LD='x86_64-goddard-ld'
LDFLAGS=''
LIBOBJS=''
LIBS=''
LIBTOOL=''
LIPO='x86_64-goddard-lipo'
LN_S=''
LTLIBOBJS=''
MAINT='#'
MAINTAINER_MODE_FALSE=''
MAINTAINER_MODE_TRUE='#'
MAKEINFO='makeinfo --split-size=5000000'
MAY_SUPPLY_SYSCALLS_FALSE='#'
MAY_SUPPLY_SYSCALLS_TRUE=''
MKDIR_P='/bin/mkdir -p'
NEWLIB_CFLAGS=' -DMISSING_SYSCALL_NAMES -fno-builtin'
NM='x86_64-goddard-nm'
NMEDIT=''
NO_INCLUDE_LIST=' rpc/types.h rpc/xdr.h'
OBJDUMP='x86_64-goddard-objdump'
OBJEXT='o'
OTOOL64=''
OTOOL=''
PACKAGE='newlib'
PACKAGE_BUGREPORT=''
PACKAGE_NAME='newlib'
PACKAGE_STRING='newlib 2.1.0'
PACKAGE_TARNAME='newlib'
PACKAGE_URL=''
PACKAGE_VERSION='2.1.0'
PATH_SEPARATOR=':'
RANLIB='x86_64-goddard-ranlib'
READELF='x86_64-goddard-readelf'
SED='/bin/sed'
SET_MAKE=''
SHELL='/bin/bash'
STRIP='x86_64-goddard-strip'
USE_LIBTOOL_FALSE=''
USE_LIBTOOL_TRUE='#'
VERSION='2.1.0'
ac_ct_CC=''
ac_ct_DUMPBIN=''
aext='a'
am__EXEEXT_FALSE=''
am__EXEEXT_TRUE='#'
am__fastdepCC_FALSE='#'
am__fastdepCC_TRUE=''
am__include='include'
am__isrc=' -I$(srcdir)'
am__leading_dot='.'
am__nodep='_no'
am__quote=''
am__tar='$${TAR-tar} chof - "$$tardir"'
am__untar='$${TAR-tar} xf -'
bindir='${exec_prefix}/bin'
build='x86_64-unknown-linux-gnu'
build_alias='x86_64-unknown-linux-gnu'
build_cpu='x86_64'
build_os='linux-gnu'
build_vendor='unknown'
datadir='${datarootdir}'
datarootdir='${prefix}/share'
docdir='${datarootdir}/doc/${PACKAGE_TARNAME}'
dvidir='${docdir}'
exec_prefix='${prefix}'
host='x86_64-pc-goddard'
host_alias='x86_64-goddard'
host_cpu='x86_64'
host_os='goddard'
host_vendor='pc'
htmldir='${docdir}'
includedir='${prefix}/include'
infodir='${datarootdir}/info'
install_sh='${SHELL} /home/ambhave/Code/os-goddard/src/newlib-2.1.0/install-sh'
libdir='${exec_prefix}/lib'
libexecdir='${exec_prefix}/libexec'
libm_machine_dir=''
localedir='${datarootdir}/locale'
localstatedir='${prefix}/var'
lpfx='lib_a-'
machine_dir='x86_64'
mandir='${datarootdir}/man'
mkdir_p='/bin/mkdir -p'
newlib_basedir='../../../../../newlib-2.1.0/newlib/libc/machine/../..'
oext='o'
oldincludedir='/usr/include'
pdfdir='${docdir}'
prefix='/usr/local/cross'
program_transform_name='s&^&x86_64-goddard-&'
psdir='${docdir}'
sbindir='${exec_prefix}/sbin'
sharedstatedir='${prefix}/com'
subdirs=' x86_64'
sys_dir=''
sysconfdir='${prefix}/etc'
target_alias='x86_64-goddard'

## ----------- ##
## confdefs.h. ##
## ----------- ##

/* confdefs.h */
#define PACKAGE_NAME "newlib"
#define PACKAGE_TARNAME "newlib"
#define PACKAGE_VERSION "2.1.0"
#define PACKAGE_STRING "newlib 2.1.0"
#define PACKAGE_BUGREPORT ""
#define PACKAGE_URL ""

configure: exit 0
