This file contains any messages produced by compilers while
running configure, to aid debugging if configure makes a mistake.

It was created by configure, which was
generated by GNU Autoconf 2.64.  Invocation command line was

  $ ../gcc-4.8.2/configure --target=x86_64-elf --prefix=/usr/local/cross --disable-nls --enable-languages=c,c++ --without-headers

## --------- ##
## Platform. ##
## --------- ##

hostname = amol
uname -m = x86_64
uname -r = 3.11.0-19-generic
uname -s = Linux
uname -v = #33-Ubuntu SMP Tue Mar 11 18:48:34 UTC 2014

/usr/bin/uname -p = unknown
/bin/uname -X     = unknown

/bin/arch              = unknown
/usr/bin/arch -k       = unknown
/usr/convex/getsysinfo = unknown
/usr/bin/hostinfo      = unknown
/bin/machine           = unknown
/usr/bin/oslevel       = unknown
/bin/universe          = unknown

PATH: /usr/local/cross/bin
PATH: /usr/local/cross/bin
PATH: /usr/local/cross/bin
PATH: /usr/lib/lightdm/lightdm
PATH: /usr/local/sbin
PATH: /usr/local/bin
PATH: /usr/sbin
PATH: /usr/bin
PATH: /sbin
PATH: /bin
PATH: /usr/games
PATH: /usr/local/games
PATH: /home/ambhave/bin
PATH: /usr/local/java/jdk1.7.0_51/bin
PATH: /home/ambhave/.rvm/bin
PATH: /home/ambhave/.rvm/bin


## ----------- ##
## Core tests. ##
## ----------- ##

configure:2317: checking build system type
configure:2331: result: x86_64-unknown-linux-gnu
configure:2378: checking host system type
configure:2391: result: x86_64-unknown-linux-gnu
configure:2411: checking target system type
configure:2424: result: x86_64-pc-elf
configure:2478: checking for a BSD-compatible install
configure:2546: result: /usr/bin/install -c
configure:2557: checking whether ln works
configure:2579: result: yes
configure:2583: checking whether ln -s works
configure:2587: result: yes
configure:2594: checking for a sed that does not truncate output
configure:2658: result: /bin/sed
configure:2667: checking for gawk
configure:2683: found /usr/bin/gawk
configure:2694: result: gawk
configure:3164: checking for libatomic support
configure:3170: result: no
configure:3183: checking for libitm support
configure:3189: result: no
configure:3202: checking for libsanitizer support
configure:3208: result: no
configure:3936: checking for gcc
configure:3952: found /usr/bin/gcc
configure:3963: result: gcc
configure:4192: checking for C compiler version
configure:4201: gcc --version >&5
gcc (Ubuntu/Linaro 4.8.1-10ubuntu9) 4.8.1
Copyright (C) 2013 Free Software Foundation, Inc.
This is free software; see the source for copying conditions.  There is NO
warranty; not even for MERCHANTABILITY or FITNESS FOR A PARTICULAR PURPOSE.

configure:4212: $? = 0
configure:4201: gcc -v >&5
Using built-in specs.
COLLECT_GCC=gcc
COLLECT_LTO_WRAPPER=/usr/lib/gcc/x86_64-linux-gnu/4.8/lto-wrapper
Target: x86_64-linux-gnu
Configured with: ../src/configure -v --with-pkgversion='Ubuntu/Linaro 4.8.1-10ubuntu9' --with-bugurl=file:///usr/share/doc/gcc-4.8/README.Bugs --enable-languages=c,c++,java,go,d,fortran,objc,obj-c++ --prefix=/usr --program-suffix=-4.8 --enable-shared --enable-linker-build-id --libexecdir=/usr/lib --without-included-gettext --enable-threads=posix --with-gxx-include-dir=/usr/include/c++/4.8 --libdir=/usr/lib --enable-nls --with-sysroot=/ --enable-clocale=gnu --enable-libstdcxx-debug --enable-libstdcxx-time=yes --enable-gnu-unique-object --enable-plugin --with-system-zlib --disable-browser-plugin --enable-java-awt=gtk --enable-gtk-cairo --with-java-home=/usr/lib/jvm/java-1.5.0-gcj-4.8-amd64/jre --enable-java-home --with-jvm-root-dir=/usr/lib/jvm/java-1.5.0-gcj-4.8-amd64 --with-jvm-jar-dir=/usr/lib/jvm-exports/java-1.5.0-gcj-4.8-amd64 --with-arch-directory=amd64 --with-ecj-jar=/usr/share/java/eclipse-ecj.jar --enable-objc-gc --enable-multiarch --disable-werror --with-arch-32=i686 --with-abi=m64 --with-multilib-list=m32,m64,mx32 --with-tune=generic --enable-checking=release --build=x86_64-linux-gnu --host=x86_64-linux-gnu --target=x86_64-linux-gnu
Thread model: posix
gcc version 4.8.1 (Ubuntu/Linaro 4.8.1-10ubuntu9) 
configure:4212: $? = 0
configure:4201: gcc -V >&5
gcc: error: unrecognized command line option '-V'
gcc: fatal error: no input files
compilation terminated.
configure:4212: $? = 4
configure:4201: gcc -qversion >&5
gcc: error: unrecognized command line option '-qversion'
gcc: fatal error: no input files
compilation terminated.
configure:4212: $? = 4
configure:4232: checking for C compiler default output file name
configure:4254: gcc    conftest.c  >&5
configure:4258: $? = 0
configure:4295: result: a.out
configure:4311: checking whether the C compiler works
configure:4320: ./a.out
configure:4324: $? = 0
configure:4339: result: yes
configure:4346: checking whether we are cross compiling
configure:4348: result: no
configure:4351: checking for suffix of executables
configure:4358: gcc -o conftest    conftest.c  >&5
configure:4362: $? = 0
configure:4384: result: 
configure:4390: checking for suffix of object files
configure:4412: gcc -c   conftest.c >&5
configure:4416: $? = 0
configure:4437: result: o
configure:4441: checking whether we are using the GNU C compiler
configure:4460: gcc -c   conftest.c >&5
configure:4460: $? = 0
configure:4469: result: yes
configure:4478: checking whether gcc accepts -g
configure:4498: gcc -c -g  conftest.c >&5
configure:4498: $? = 0
configure:4539: result: yes
configure:4556: checking for gcc option to accept ISO C89
configure:4620: gcc  -c -g -O2  conftest.c >&5
configure:4620: $? = 0
configure:4633: result: none needed
configure:4711: checking for g++
configure:4727: found /usr/bin/g++
configure:4738: result: g++
configure:4765: checking for C++ compiler version
configure:4774: g++ --version >&5
g++ (Ubuntu/Linaro 4.8.1-10ubuntu9) 4.8.1
Copyright (C) 2013 Free Software Foundation, Inc.
This is free software; see the source for copying conditions.  There is NO
warranty; not even for MERCHANTABILITY or FITNESS FOR A PARTICULAR PURPOSE.

configure:4785: $? = 0
configure:4774: g++ -v >&5
Using built-in specs.
COLLECT_GCC=g++
COLLECT_LTO_WRAPPER=/usr/lib/gcc/x86_64-linux-gnu/4.8/lto-wrapper
Target: x86_64-linux-gnu
Configured with: ../src/configure -v --with-pkgversion='Ubuntu/Linaro 4.8.1-10ubuntu9' --with-bugurl=file:///usr/share/doc/gcc-4.8/README.Bugs --enable-languages=c,c++,java,go,d,fortran,objc,obj-c++ --prefix=/usr --program-suffix=-4.8 --enable-shared --enable-linker-build-id --libexecdir=/usr/lib --without-included-gettext --enable-threads=posix --with-gxx-include-dir=/usr/include/c++/4.8 --libdir=/usr/lib --enable-nls --with-sysroot=/ --enable-clocale=gnu --enable-libstdcxx-debug --enable-libstdcxx-time=yes --enable-gnu-unique-object --enable-plugin --with-system-zlib --disable-browser-plugin --enable-java-awt=gtk --enable-gtk-cairo --with-java-home=/usr/lib/jvm/java-1.5.0-gcj-4.8-amd64/jre --enable-java-home --with-jvm-root-dir=/usr/lib/jvm/java-1.5.0-gcj-4.8-amd64 --with-jvm-jar-dir=/usr/lib/jvm-exports/java-1.5.0-gcj-4.8-amd64 --with-arch-directory=amd64 --with-ecj-jar=/usr/share/java/eclipse-ecj.jar --enable-objc-gc --enable-multiarch --disable-werror --with-arch-32=i686 --with-abi=m64 --with-multilib-list=m32,m64,mx32 --with-tune=generic --enable-checking=release --build=x86_64-linux-gnu --host=x86_64-linux-gnu --target=x86_64-linux-gnu
Thread model: posix
gcc version 4.8.1 (Ubuntu/Linaro 4.8.1-10ubuntu9) 
configure:4785: $? = 0
configure:4774: g++ -V >&5
g++: error: unrecognized command line option '-V'
g++: fatal error: no input files
compilation terminated.
configure:4785: $? = 4
configure:4774: g++ -qversion >&5
g++: error: unrecognized command line option '-qversion'
g++: fatal error: no input files
compilation terminated.
configure:4785: $? = 4
configure:4789: checking whether we are using the GNU C++ compiler
configure:4808: g++ -c   conftest.cpp >&5
configure:4808: $? = 0
configure:4817: result: yes
configure:4826: checking whether g++ accepts -g
configure:4846: g++ -c -g  conftest.cpp >&5
configure:4846: $? = 0
configure:4887: result: yes
configure:4936: checking whether g++ accepts -static-libstdc++ -static-libgcc
configure:4953: g++ -o conftest -g -O2   -static-libstdc++ -static-libgcc conftest.cpp  >&5
configure:4953: $? = 0
configure:4954: result: yes
configure:5018: checking for gnatbind
configure:5048: result: no
configure:5110: checking for gnatmake
configure:5140: result: no
configure:5159: checking whether compiler driver understands Ada
configure:5182: result: no
configure:5191: checking how to compare bootstrapped objects
configure:5216: result: cmp --ignore-initial=16 $$f1 $$f2
configure:5270: checking for objdir
configure:5285: result: .libs
configure:5857: checking for version 0.10 of ISL
configure:5876: gcc -o conftest -g -O2  -I$$r/$(HOST_SUBDIR)/gmp -I$$s/gmp -I$$r/$(HOST_SUBDIR)/mpfr/src -I$$s/mpfr/src -I$$s/mpc/src     conftest.c  -lisl >&5
configure:5876: $? = 0
configure:5876: ./conftest
configure:5876: $? = 1
configure: program exited with status 1
configure: failed program was:
| /* confdefs.h */
| #define PACKAGE_NAME ""
| #define PACKAGE_TARNAME ""
| #define PACKAGE_VERSION ""
| #define PACKAGE_STRING ""
| #define PACKAGE_BUGREPORT ""
| #define PACKAGE_URL ""
| #define LT_OBJDIR ".libs/"
| /* end confdefs.h.  */
| #include <isl/version.h>
|    #include <string.h>
| int
| main ()
| {
| if (strncmp (isl_version (), "isl-0.10", strlen ("isl-0.10")) != 0)
|      return 1;
| 
|   ;
|   return 0;
| }
configure:5885: result: no
configure:5905: checking for version 0.11 of ISL
configure:5924: gcc -o conftest -g -O2  -I$$r/$(HOST_SUBDIR)/gmp -I$$s/gmp -I$$r/$(HOST_SUBDIR)/mpfr/src -I$$s/mpfr/src -I$$s/mpc/src     conftest.c  -lisl >&5
configure:5924: $? = 0
configure:5924: ./conftest
configure:5924: $? = 0
configure:5933: result: yes
configure:6088: checking for version 0.17.0 of CLooG
configure:6105: gcc -c -g -O2 -DCLOOG_INT_GMP   -I$$r/$(HOST_SUBDIR)/gmp -I$$s/gmp -I$$r/$(HOST_SUBDIR)/mpfr/src -I$$s/mpfr/src -I$$s/mpc/src   conftest.c >&5
conftest.c: In function 'main':
conftest.c:15:5: error: unknown type name 'choke'
     choke me
     ^
configure:6105: $? = 1
configure: failed program was:
| /* confdefs.h */
| #define PACKAGE_NAME ""
| #define PACKAGE_TARNAME ""
| #define PACKAGE_VERSION ""
| #define PACKAGE_STRING ""
| #define PACKAGE_BUGREPORT ""
| #define PACKAGE_URL ""
| #define LT_OBJDIR ".libs/"
| /* end confdefs.h.  */
| #include "cloog/version.h"
| int
| main ()
| {
| #if CLOOG_VERSION_MAJOR != 0     || CLOOG_VERSION_MINOR != 17     || CLOOG_VERSION_REVISION < 0
|     choke me
|    #endif
|   ;
|   return 0;
| }
configure:6111: result: no
configure:6130: checking for version 0.18.0 of CLooG
configure:6147: gcc -c -g -O2 -DCLOOG_INT_GMP   -I$$r/$(HOST_SUBDIR)/gmp -I$$s/gmp -I$$r/$(HOST_SUBDIR)/mpfr/src -I$$s/mpfr/src -I$$s/mpc/src   conftest.c >&5
configure:6147: $? = 0
configure:6153: result: yes
configure:7139: checking for default BUILD_CONFIG
configure:7171: result: 
configure:7660: checking for bison
configure:7676: found /usr/bin/bison
configure:7687: result: bison -y
configure:7707: checking for bison
configure:7723: found /usr/bin/bison
configure:7734: result: bison
configure:7754: checking for gm4
configure:7784: result: no
configure:7754: checking for gnum4
configure:7784: result: no
configure:7754: checking for m4
configure:7770: found /usr/bin/m4
configure:7781: result: m4
configure:7801: checking for flex
configure:7831: result: no
configure:7801: checking for lex
configure:7831: result: no
configure:7849: checking for flex
configure:7879: result: no
configure:7896: checking for makeinfo
configure:7912: found /usr/bin/makeinfo
configure:7923: result: makeinfo
configure:7957: checking for expect
configure:7987: result: no
configure:8006: checking for runtest
configure:8036: result: no
configure:8151: checking for ar
configure:8167: found /usr/bin/ar
configure:8178: result: ar
configure:8292: checking for as
configure:8308: found /usr/bin/as
configure:8319: result: as
configure:8433: checking for dlltool
configure:8463: result: no
configure:8574: checking for ld
configure:8590: found /usr/bin/ld
configure:8601: result: ld
configure:8715: checking for lipo
configure:8745: result: no
configure:8856: checking for nm
configure:8872: found /usr/bin/nm
configure:8883: result: nm
configure:8997: checking for ranlib
configure:9013: found /usr/bin/ranlib
configure:9024: result: ranlib
configure:9133: checking for strip
configure:9149: found /usr/bin/strip
configure:9160: result: strip
configure:9269: checking for windres
configure:9299: result: no
configure:9410: checking for windmc
configure:9440: result: no
configure:9551: checking for objcopy
configure:9567: found /usr/bin/objcopy
configure:9578: result: objcopy
configure:9692: checking for objdump
configure:9708: found /usr/bin/objdump
configure:9719: result: objdump
configure:9833: checking for readelf
configure:9849: found /usr/bin/readelf
configure:9860: result: readelf
configure:9974: checking for x86_64-elf-cc
configure:10004: result: no
configure:9974: checking for x86_64-elf-gcc
configure:9990: found /usr/local/cross/bin/x86_64-elf-gcc
configure:10001: result: x86_64-elf-gcc
configure:10135: checking for x86_64-elf-c++
configure:10151: found /usr/local/cross/bin/x86_64-elf-c++
configure:10162: result: x86_64-elf-c++
configure:10296: checking for x86_64-elf-gcc
configure:10312: found /usr/local/cross/bin/x86_64-elf-gcc
configure:10323: result: x86_64-elf-gcc
configure:10452: checking for x86_64-elf-gcj
configure:10482: result: no
configure:10613: checking for x86_64-elf-gfortran
configure:10643: result: no
configure:10774: checking for x86_64-elf-gccgo
configure:10804: result: no
configure:10904: checking for ar
configure:10922: found /usr/local/cross/x86_64-elf/bin/ar
configure:10934: result: /usr/local/cross/x86_64-elf/bin/ar
configure:11134: checking for as
configure:11152: found /usr/local/cross/x86_64-elf/bin/as
configure:11164: result: /usr/local/cross/x86_64-elf/bin/as
configure:11364: checking for dlltool
configure:11397: result: no
configure:11475: checking for x86_64-elf-dlltool
configure:11505: result: no
configure:11594: checking for ld
configure:11612: found /usr/local/cross/x86_64-elf/bin/ld
configure:11624: result: /usr/local/cross/x86_64-elf/bin/ld
configure:11824: checking for lipo
configure:11857: result: no
configure:11935: checking for x86_64-elf-lipo
configure:11965: result: no
configure:12054: checking for nm
configure:12072: found /usr/local/cross/x86_64-elf/bin/nm
configure:12084: result: /usr/local/cross/x86_64-elf/bin/nm
configure:12284: checking for objdump
configure:12302: found /usr/local/cross/x86_64-elf/bin/objdump
configure:12314: result: /usr/local/cross/x86_64-elf/bin/objdump
configure:12514: checking for ranlib
configure:12532: found /usr/local/cross/x86_64-elf/bin/ranlib
configure:12544: result: /usr/local/cross/x86_64-elf/bin/ranlib
configure:12744: checking for readelf
configure:12777: result: no
configure:12855: checking for x86_64-elf-readelf
configure:12871: found /usr/local/cross/bin/x86_64-elf-readelf
configure:12882: result: x86_64-elf-readelf
configure:12974: checking for strip
configure:12992: found /usr/local/cross/x86_64-elf/bin/strip
configure:13004: result: /usr/local/cross/x86_64-elf/bin/strip
configure:13204: checking for windres
configure:13237: result: no
configure:13315: checking for x86_64-elf-windres
configure:13345: result: no
configure:13434: checking for windmc
configure:13467: result: no
configure:13545: checking for x86_64-elf-windmc
configure:13575: result: no
configure:13642: checking where to find the target ar
configure:13670: result: pre-installed in /usr/local/cross/x86_64-elf/bin
configure:13684: checking where to find the target as
configure:13712: result: pre-installed in /usr/local/cross/x86_64-elf/bin
configure:13726: checking where to find the target cc
configure:13749: result: just compiled
configure:13768: checking where to find the target c++
configure:13794: result: just compiled
configure:13813: checking where to find the target c++ for libstdc++
configure:13839: result: just compiled
configure:13858: checking where to find the target dlltool
configure:13895: result: pre-installed
configure:13900: checking where to find the target gcc
configure:13923: result: just compiled
configure:13942: checking where to find the target gcj
configure:13982: result: pre-installed
configure:13987: checking where to find the target gfortran
configure:14027: result: pre-installed
configure:14032: checking where to find the target gccgo
configure:14072: result: pre-installed
configure:14077: checking where to find the target ld
configure:14105: result: pre-installed in /usr/local/cross/x86_64-elf/bin
configure:14119: checking where to find the target lipo
configure:14145: result: pre-installed
configure:14150: checking where to find the target nm
configure:14178: result: pre-installed in /usr/local/cross/x86_64-elf/bin
configure:14192: checking where to find the target objdump
configure:14220: result: pre-installed in /usr/local/cross/x86_64-elf/bin
configure:14234: checking where to find the target ranlib
configure:14262: result: pre-installed in /usr/local/cross/x86_64-elf/bin
configure:14276: checking where to find the target readelf
configure:14313: result: pre-installed
configure:14318: checking where to find the target strip
configure:14346: result: pre-installed in /usr/local/cross/x86_64-elf/bin
configure:14360: checking where to find the target windres
configure:14397: result: pre-installed
configure:14402: checking where to find the target windmc
configure:14439: result: pre-installed
configure:14472: checking whether to enable maintainer-specific portions of Makefiles
configure:14481: result: no
configure:14692: creating ./config.status

## ---------------------- ##
## Running config.status. ##
## ---------------------- ##

This file was extended by config.status, which was
generated by GNU Autoconf 2.64.  Invocation command line was

  CONFIG_FILES    = 
  CONFIG_HEADERS  = 
  CONFIG_LINKS    = 
  CONFIG_COMMANDS = 
  $ ./config.status 

on amol

config.status:971: creating Makefile

## ---------------- ##
## Cache variables. ##
## ---------------- ##

ac_cv_build=x86_64-unknown-linux-gnu
ac_cv_c_compiler_gnu=yes
ac_cv_cxx_compiler_gnu=yes
ac_cv_env_AR_FOR_TARGET_set=
ac_cv_env_AR_FOR_TARGET_value=
ac_cv_env_AR_set=
ac_cv_env_AR_value=
ac_cv_env_AS_FOR_TARGET_set=
ac_cv_env_AS_FOR_TARGET_value=
ac_cv_env_AS_set=
ac_cv_env_AS_value=
ac_cv_env_CCC_set=
ac_cv_env_CCC_value=
ac_cv_env_CC_FOR_TARGET_set=
ac_cv_env_CC_FOR_TARGET_value=
ac_cv_env_CC_set=
ac_cv_env_CC_value=
ac_cv_env_CFLAGS_set=
ac_cv_env_CFLAGS_value=
ac_cv_env_CPPFLAGS_set=
ac_cv_env_CPPFLAGS_value=
ac_cv_env_CXXFLAGS_set=
ac_cv_env_CXXFLAGS_value=
ac_cv_env_CXX_FOR_TARGET_set=
ac_cv_env_CXX_FOR_TARGET_value=
ac_cv_env_CXX_set=
ac_cv_env_CXX_value=
ac_cv_env_DLLTOOL_FOR_TARGET_set=
ac_cv_env_DLLTOOL_FOR_TARGET_value=
ac_cv_env_DLLTOOL_set=
ac_cv_env_DLLTOOL_value=
ac_cv_env_GCC_FOR_TARGET_set=
ac_cv_env_GCC_FOR_TARGET_value=
ac_cv_env_GCJ_FOR_TARGET_set=
ac_cv_env_GCJ_FOR_TARGET_value=
ac_cv_env_GFORTRAN_FOR_TARGET_set=
ac_cv_env_GFORTRAN_FOR_TARGET_value=
ac_cv_env_GOC_FOR_TARGET_set=
ac_cv_env_GOC_FOR_TARGET_value=
ac_cv_env_LDFLAGS_set=
ac_cv_env_LDFLAGS_value=
ac_cv_env_LD_FOR_TARGET_set=
ac_cv_env_LD_FOR_TARGET_value=
ac_cv_env_LD_set=
ac_cv_env_LD_value=
ac_cv_env_LIBS_set=
ac_cv_env_LIBS_value=
ac_cv_env_LIPO_FOR_TARGET_set=
ac_cv_env_LIPO_FOR_TARGET_value=
ac_cv_env_LIPO_set=
ac_cv_env_LIPO_value=
ac_cv_env_NM_FOR_TARGET_set=
ac_cv_env_NM_FOR_TARGET_value=
ac_cv_env_NM_set=
ac_cv_env_NM_value=
ac_cv_env_OBJCOPY_set=
ac_cv_env_OBJCOPY_value=
ac_cv_env_OBJDUMP_FOR_TARGET_set=
ac_cv_env_OBJDUMP_FOR_TARGET_value=
ac_cv_env_OBJDUMP_set=
ac_cv_env_OBJDUMP_value=
ac_cv_env_RANLIB_FOR_TARGET_set=
ac_cv_env_RANLIB_FOR_TARGET_value=
ac_cv_env_RANLIB_set=
ac_cv_env_RANLIB_value=
ac_cv_env_READELF_FOR_TARGET_set=
ac_cv_env_READELF_FOR_TARGET_value=
ac_cv_env_READELF_set=
ac_cv_env_READELF_value=
ac_cv_env_STRIP_FOR_TARGET_set=
ac_cv_env_STRIP_FOR_TARGET_value=
ac_cv_env_STRIP_set=
ac_cv_env_STRIP_value=
ac_cv_env_WINDMC_FOR_TARGET_set=
ac_cv_env_WINDMC_FOR_TARGET_value=
ac_cv_env_WINDMC_set=
ac_cv_env_WINDMC_value=
ac_cv_env_WINDRES_FOR_TARGET_set=
ac_cv_env_WINDRES_FOR_TARGET_value=
ac_cv_env_WINDRES_set=
ac_cv_env_WINDRES_value=
ac_cv_env_build_alias_set=
ac_cv_env_build_alias_value=
ac_cv_env_build_configargs_set=
ac_cv_env_build_configargs_value=
ac_cv_env_host_alias_set=
ac_cv_env_host_alias_value=
ac_cv_env_host_configargs_set=
ac_cv_env_host_configargs_value=
ac_cv_env_target_alias_set=set
ac_cv_env_target_alias_value=x86_64-elf
ac_cv_env_target_configargs_set=
ac_cv_env_target_configargs_value=
ac_cv_host=x86_64-unknown-linux-gnu
ac_cv_objext=o
ac_cv_path_AR_FOR_TARGET=/usr/local/cross/x86_64-elf/bin/ar
ac_cv_path_AS_FOR_TARGET=/usr/local/cross/x86_64-elf/bin/as
ac_cv_path_LD_FOR_TARGET=/usr/local/cross/x86_64-elf/bin/ld
ac_cv_path_NM_FOR_TARGET=/usr/local/cross/x86_64-elf/bin/nm
ac_cv_path_OBJDUMP_FOR_TARGET=/usr/local/cross/x86_64-elf/bin/objdump
ac_cv_path_RANLIB_FOR_TARGET=/usr/local/cross/x86_64-elf/bin/ranlib
ac_cv_path_SED=/bin/sed
ac_cv_path_STRIP_FOR_TARGET=/usr/local/cross/x86_64-elf/bin/strip
ac_cv_path_install='/usr/bin/install -c'
ac_cv_prog_AR=ar
ac_cv_prog_AS=as
ac_cv_prog_AWK=gawk
ac_cv_prog_BISON=bison
ac_cv_prog_CC_FOR_TARGET=x86_64-elf-gcc
ac_cv_prog_CXX_FOR_TARGET=x86_64-elf-c++
ac_cv_prog_GCC_FOR_TARGET=x86_64-elf-gcc
ac_cv_prog_LD=ld
ac_cv_prog_M4=m4
ac_cv_prog_MAKEINFO=makeinfo
ac_cv_prog_NM=nm
ac_cv_prog_OBJCOPY=objcopy
ac_cv_prog_OBJDUMP=objdump
ac_cv_prog_RANLIB=ranlib
ac_cv_prog_READELF=readelf
ac_cv_prog_READELF_FOR_TARGET=x86_64-elf-readelf
ac_cv_prog_STRIP=strip
ac_cv_prog_YACC='bison -y'
ac_cv_prog_ac_ct_CC=gcc
ac_cv_prog_ac_ct_CXX=g++
ac_cv_prog_cc_c89=
ac_cv_prog_cc_g=yes
ac_cv_prog_cxx_g=yes
ac_cv_target=x86_64-pc-elf
acx_cv_cc_gcc_supports_ada=no
acx_cv_prog_LN=ln
gcc_cv_cloog=yes
gcc_cv_isl=yes
gcc_cv_prog_cmp_skip='cmp --ignore-initial=16 $$f1 $$f2'
gcc_cv_tool_dirs=/usr/local/cross/libexec/gcc/x86_64-elf/4.8.2:/usr/local/cross/libexec/gcc/x86_64-elf:/usr/lib/gcc/x86_64-elf/4.8.2:/usr/lib/gcc/x86_64-elf:/usr/local/cross/x86_64-elf/bin/x86_64-elf/4.8.2:/usr/local/cross/x86_64-elf/bin:
gcc_cv_tool_prefix=/usr/local/cross
lt_cv_objdir=.libs

## ----------------- ##
## Output variables. ##
## ----------------- ##

AR='ar'
AR_FOR_BUILD='$(AR)'
AR_FOR_TARGET='/usr/local/cross/x86_64-elf/bin/ar'
AS='as'
AS_FOR_BUILD='$(AS)'
AS_FOR_TARGET='/usr/local/cross/x86_64-elf/bin/as'
AWK='gawk'
BISON='bison'
BUILD_CONFIG=''
CC='gcc'
CC_FOR_BUILD='$(CC)'
CC_FOR_TARGET='$$r/$(HOST_SUBDIR)/gcc/xgcc -B$$r/$(HOST_SUBDIR)/gcc/'
CFLAGS='-g -O2'
CFLAGS_FOR_BUILD='-g -O2'
CFLAGS_FOR_TARGET='-g -O2'
COMPILER_AS_FOR_TARGET='$$r/$(HOST_SUBDIR)/gcc/as'
COMPILER_LD_FOR_TARGET='$$r/$(HOST_SUBDIR)/gcc/collect-ld'
COMPILER_NM_FOR_TARGET='$$r/$(HOST_SUBDIR)/gcc/nm'
CONFIGURE_GDB_TK=''
CPPFLAGS=''
CXX='g++'
CXXFLAGS='-g -O2'
CXXFLAGS_FOR_BUILD='-g -O2'
CXXFLAGS_FOR_TARGET='-g -O2'
CXX_FOR_BUILD='$(CXX)'
CXX_FOR_TARGET='$$r/$(HOST_SUBDIR)/gcc/xg++ -B$$r/$(HOST_SUBDIR)/gcc/ -nostdinc++ `if test -f $$r/$(TARGET_SUBDIR)/libstdc++-v3/scripts/testsuite_flags; then $(SHELL) $$r/$(TARGET_SUBDIR)/libstdc++-v3/scripts/testsuite_flags --build-includes; else echo -funconfigured-libstdc++-v3 ; fi` -L$$r/$(TARGET_SUBDIR)/libstdc++-v3/src -L$$r/$(TARGET_SUBDIR)/libstdc++-v3/src/.libs'
DEBUG_PREFIX_CFLAGS_FOR_TARGET=''
DEFS='-DPACKAGE_NAME=\"\" -DPACKAGE_TARNAME=\"\" -DPACKAGE_VERSION=\"\" -DPACKAGE_STRING=\"\" -DPACKAGE_BUGREPORT=\"\" -DPACKAGE_URL=\"\" -DLT_OBJDIR=\".libs/\"'
DLLTOOL='dlltool'
DLLTOOL_FOR_BUILD='$(DLLTOOL)'
DLLTOOL_FOR_TARGET='x86_64-elf-dlltool'
ECHO_C=''
ECHO_N='-n'
ECHO_T=''
EXEEXT=''
EXPECT='expect'
EXTRA_CONFIGARGS_LIBJAVA='--disable-static'
FLAGS_FOR_TARGET=' -B$(build_tooldir)/bin/ -B$(build_tooldir)/lib/ -isystem $(build_tooldir)/include -isystem $(build_tooldir)/sys-include'
FLEX='/home/ambhave/Code/os-goddard/src/gcc-4.8.2/missing flex'
GCC_FOR_TARGET='$$r/$(HOST_SUBDIR)/gcc/xgcc -B$$r/$(HOST_SUBDIR)/gcc/'
GCC_SHLIB_SUBDIR=''
GCJ_FOR_BUILD='$(GCJ)'
GCJ_FOR_TARGET='x86_64-elf-gcj'
GDB_TK=''
GFORTRAN_FOR_BUILD='$(GFORTRAN)'
GFORTRAN_FOR_TARGET='x86_64-elf-gfortran'
GNATBIND='no'
GNATMAKE='no'
GOC_FOR_BUILD='$(GOC)'
GOC_FOR_TARGET='x86_64-elf-gccgo'
INSTALL_DATA='${INSTALL} -m 644'
INSTALL_GDB_TK=''
INSTALL_PROGRAM='${INSTALL}'
INSTALL_SCRIPT='${INSTALL}'
LD='ld'
LDFLAGS=''
LDFLAGS_FOR_BUILD=''
LDFLAGS_FOR_TARGET=''
LD_FOR_BUILD='$(LD)'
LD_FOR_TARGET='/usr/local/cross/x86_64-elf/bin/ld'
LEX='/home/ambhave/Code/os-goddard/src/gcc-4.8.2/missing flex'
LIBOBJS=''
LIBS=''
LIPO='lipo'
LIPO_FOR_TARGET='x86_64-elf-lipo'
LN='ln'
LN_S='ln -s'
LTLIBOBJS=''
M4='m4'
MAINT='#'
MAINTAINER_MODE_FALSE=''
MAINTAINER_MODE_TRUE='#'
MAKEINFO='makeinfo'
NM='nm'
NM_FOR_BUILD='$(NM)'
NM_FOR_TARGET='/usr/local/cross/x86_64-elf/bin/nm'
OBJCOPY='objcopy'
OBJDUMP='objdump'
OBJDUMP_FOR_TARGET='/usr/local/cross/x86_64-elf/bin/objdump'
OBJEXT='o'
PACKAGE_BUGREPORT=''
PACKAGE_NAME=''
PACKAGE_STRING=''
PACKAGE_TARNAME=''
PACKAGE_URL=''
PACKAGE_VERSION=''
PATH_SEPARATOR=':'
RANLIB='ranlib'
RANLIB_FOR_BUILD='$(RANLIB)'
RANLIB_FOR_TARGET='/usr/local/cross/x86_64-elf/bin/ranlib'
RAW_CXX_FOR_TARGET='$$r/$(HOST_SUBDIR)/gcc/xgcc -shared-libgcc -B$$r/$(HOST_SUBDIR)/gcc -nostdinc++ -L$$r/$(TARGET_SUBDIR)/libstdc++-v3/src -L$$r/$(TARGET_SUBDIR)/libstdc++-v3/src/.libs'
READELF='readelf'
READELF_FOR_TARGET='x86_64-elf-readelf'
RPATH_ENVVAR='LD_LIBRARY_PATH'
RUNTEST='runtest'
SED='/bin/sed'
SHELL='/bin/bash'
STRIP='strip'
STRIP_FOR_TARGET='/usr/local/cross/x86_64-elf/bin/strip'
SYSROOT_CFLAGS_FOR_TARGET=''
TOPLEVEL_CONFIGURE_ARGUMENTS='../gcc-4.8.2/configure --target=x86_64-elf --prefix=/usr/local/cross --disable-nls --enable-languages=c,c++ --without-headers'
WINDMC='windmc'
WINDMC_FOR_BUILD='$(WINDMC)'
WINDMC_FOR_TARGET='x86_64-elf-windmc'
WINDRES='windres'
WINDRES_FOR_BUILD='$(WINDRES)'
WINDRES_FOR_TARGET='x86_64-elf-windres'
YACC='bison -y'
ac_ct_CC='gcc'
ac_ct_CXX='g++'
bindir='${exec_prefix}/bin'
build='x86_64-unknown-linux-gnu'
build_alias=''
build_configargs=' --cache-file=../config.cache '\''--prefix=/usr/local/cross'\'' '\''--disable-nls'\'' '\''--without-headers'\'' '\''--enable-languages=c,c++,lto'\'' --program-transform-name='\''s&^&x86_64-elf-&'\'' --disable-option-checking'
build_configdirs=' libiberty fixincludes'
build_cpu='x86_64'
build_libsubdir='build-x86_64-unknown-linux-gnu'
build_noncanonical='x86_64-unknown-linux-gnu'
build_os='linux-gnu'
build_subdir='build-x86_64-unknown-linux-gnu'
build_tooldir='${exec_prefix}/x86_64-elf'
build_vendor='unknown'
clooginc='-DCLOOG_INT_GMP '
clooglibs=' -lcloog-isl  -lisl'
compare_exclusions='gcc/cc*-checksum$(objext) | gcc/ada/*tools/*'
configdirs=' intl libiberty zlib libbacktrace libcpp libdecnumber gmp mpfr mpc fixincludes gcc lto-plugin'
datadir='${datarootdir}'
datarootdir='${prefix}/share'
do_compare='cmp --ignore-initial=16 $$f1 $$f2'
docdir='${datarootdir}/doc/${PACKAGE}'
dvidir='${docdir}'
exec_prefix='${prefix}'
extra_host_libiberty_configure_flags='--enable-shared'
extra_isl_gmp_configure_flags='--with-gmp-builddir=$$r/$(HOST_SUBDIR)/gmp'
extra_mpc_gmp_configure_flags='--with-gmp-include=$$r/$(HOST_SUBDIR)/gmp --with-gmp-lib=$$r/$(HOST_SUBDIR)/gmp/.libs'
extra_mpc_mpfr_configure_flags='--with-mpfr-include=$$s/mpfr/src --with-mpfr-lib=$$r/$(HOST_SUBDIR)/mpfr/src/.libs'
extra_mpfr_configure_flags='--with-gmp-include=$$r/$(HOST_SUBDIR)/gmp --with-gmp-lib=$$r/$(HOST_SUBDIR)/gmp/.libs'
gmpinc='-I$$r/$(HOST_SUBDIR)/gmp -I$$s/gmp -I$$r/$(HOST_SUBDIR)/mpfr/src -I$$s/mpfr/src -I$$s/mpc/src '
gmplibs='-L$$r/$(HOST_SUBDIR)/gmp/.libs -L$$r/$(HOST_SUBDIR)/mpfr/src/.libs -L$$r/$(HOST_SUBDIR)/mpc/src/.libs -lmpc -lmpfr -lgmp'
host='x86_64-unknown-linux-gnu'
host_alias=''
host_configargs=' --cache-file=./config.cache  '\''--prefix=/usr/local/cross'\'' '\''--disable-nls'\'' '\''--without-headers'\'' '\''--enable-languages=c,c++,lto'\'' --program-transform-name='\''s&^&x86_64-elf-&'\'' --disable-option-checking'
host_cpu='x86_64'
host_noncanonical='x86_64-unknown-linux-gnu'
host_os='linux-gnu'
host_subdir='.'
host_vendor='unknown'
htmldir='${docdir}'
includedir='${prefix}/include'
infodir='${datarootdir}/info'
islinc=''
libdir='${exec_prefix}/lib'
libexecdir='${exec_prefix}/libexec'
localedir='${datarootdir}/locale'
localstatedir='${prefix}/var'
mandir='${datarootdir}/man'
oldincludedir='/usr/include'
pdfdir='${docdir}'
poststage1_ldflags='-static-libstdc++ -static-libgcc'
poststage1_libs=''
prefix='/usr/local/cross'
program_transform_name='s&^&x86_64-elf-&'
psdir='${docdir}'
sbindir='${exec_prefix}/sbin'
sharedstatedir='${prefix}/com'
stage1_cflags='-g'
stage1_checking='--enable-checking=yes,types'
stage1_languages='c,c++,lto'
stage1_ldflags='-static-libstdc++ -static-libgcc'
stage1_libs=''
stage2_werror_flag=''
sysconfdir='${prefix}/etc'
target='x86_64-pc-elf'
target_alias='x86_64-elf'
target_configargs='--cache-file=./config.cache --enable-multilib --with-cross-host=x86_64-unknown-linux-gnu   '\''--prefix=/usr/local/cross'\'' '\''--disable-nls'\'' '\''--without-headers'\'' '\''--enable-languages=c,c++,lto'\'' --program-transform-name='\''s&^&x86_64-elf-&'\'' --disable-option-checking'
target_configdirs=' libgcc libstdc++-v3 libssp libquadmath'
target_cpu='x86_64'
target_noncanonical='x86_64-elf'
target_os='elf'
target_subdir='x86_64-elf'
target_vendor='pc'
tooldir='${exec_prefix}/x86_64-elf'

## ------------------- ##
## File substitutions. ##
## ------------------- ##

alphaieee_frag='/dev/null'
host_makefile_frag='/dev/null'
ospace_frag='/dev/null'
serialization_dependencies='serdep.tmp'
target_makefile_frag='/dev/null'

## ----------- ##
## confdefs.h. ##
## ----------- ##

/* confdefs.h */
#define PACKAGE_NAME ""
#define PACKAGE_TARNAME ""
#define PACKAGE_VERSION ""
#define PACKAGE_STRING ""
#define PACKAGE_BUGREPORT ""
#define PACKAGE_URL ""
#define LT_OBJDIR ".libs/"

configure: exit 0
